2024-04-03 17:27:10,257 - INFO - ('Current icons color ', None, 'New icons color', '#333333')
2024-04-03 17:27:10,258 - INFO - Generating icons for your theme, please wait. This may take long
2024-04-03 17:27:36,912 - INFO - Checking icons for Modern Teal Slate theme. Icons color: #333333
2024-04-03 17:27:51,867 - INFO - Checking icons for Modern Teal Slate theme. Icons color: #333333
2024-04-03 17:28:12,738 - INFO - Checking icons for Modern Teal Slate theme. Icons color: #333333
2024-04-03 17:28:13,489 - INFO - Checking icons for qt designer app.
2024-04-03 17:29:22,461 - INFO - all icons have been checked and missing icons generated!
2024-04-03 17:31:51,821 - INFO - Checking icons for Modern Teal Slate theme. Icons color: #333333
2024-04-03 17:32:55,537 - INFO - Checking icons for Modern Teal Slate theme. Icons color: #333333
2024-04-03 17:32:56,047 - INFO - Checking icons for qt designer app.
2024-04-03 17:33:57,054 - INFO - all icons have been checked and missing icons generated!
2024-04-03 19:25:34,930 - INFO - Checking icons for Modern Teal Slate theme. Icons color: #333333
2024-04-03 19:25:35,644 - INFO - Checking icons for Modern Teal Slate theme. Icons color: #333333
2024-04-03 19:25:36,117 - INFO - Checking icons for qt designer app.
2024-04-03 19:25:36,442 - INFO - all icons have been checked and missing icons generated!
2024-04-03 20:06:49,720 - INFO - Checking icons for Modern Teal Slate theme. Icons color: #333333
2024-04-03 20:06:50,403 - INFO - Checking icons for Modern Teal Slate theme. Icons color: #333333
2024-04-03 20:06:50,956 - INFO - Checking icons for qt designer app.
2024-04-03 20:06:51,376 - INFO - all icons have been checked and missing icons generated!
2024-04-03 20:24:37,591 - INFO - Checking icons for Modern Teal Slate theme. Icons color: #333333
2024-04-03 20:24:38,444 - INFO - Checking icons for Modern Teal Slate theme. Icons color: #333333
2024-04-03 20:24:39,033 - INFO - Checking icons for qt designer app.
2024-04-03 20:24:39,597 - INFO - all icons have been checked and missing icons generated!
2024-04-03 20:25:34,643 - INFO - Checking icons for Modern Teal Slate theme. Icons color: #333333
2024-04-03 20:25:35,357 - INFO - Checking icons for Modern Teal Slate theme. Icons color: #333333
2024-04-03 20:25:36,014 - INFO - Checking icons for qt designer app.
2024-04-03 20:25:36,553 - INFO - all icons have been checked and missing icons generated!
2024-04-03 20:26:58,864 - INFO - Checking icons for Modern Teal Slate theme. Icons color: #333333
2024-04-03 20:26:59,958 - INFO - Checking icons for Modern Teal Slate theme. Icons color: #333333
2024-04-03 20:27:00,471 - INFO - Checking icons for qt designer app.
2024-04-03 20:27:01,130 - INFO - all icons have been checked and missing icons generated!
2024-04-03 20:28:56,235 - INFO - Checking icons for Modern Teal Slate theme. Icons color: #333333
2024-04-03 20:28:56,953 - INFO - Checking icons for Modern Teal Slate theme. Icons color: #333333
2024-04-03 20:28:57,657 - INFO - Checking icons for qt designer app.
2024-04-03 20:28:58,312 - INFO - all icons have been checked and missing icons generated!
2024-04-03 20:29:03,505 - INFO - Checking icons for Modern Teal Slate theme. Icons color: #333333
2024-04-03 20:29:04,156 - INFO - Checking icons for Modern Teal Slate theme. Icons color: #333333
2024-04-03 20:29:05,026 - INFO - Checking icons for qt designer app.
2024-04-03 20:29:13,988 - INFO - Checking icons for Modern Teal Slate theme. Icons color: #333333
2024-04-03 20:29:14,581 - INFO - Checking icons for Modern Teal Slate theme. Icons color: #333333
2024-04-03 20:29:15,089 - INFO - Checking icons for qt designer app.
2024-04-03 20:29:15,602 - INFO - all icons have been checked and missing icons generated!
2024-04-03 20:36:56,586 - INFO - Checking icons for Modern Teal Slate theme. Icons color: #333333
2024-04-03 20:36:57,423 - INFO - Checking icons for Modern Teal Slate theme. Icons color: #333333
2024-04-03 20:36:57,939 - INFO - Checking icons for qt designer app.
2024-04-03 20:36:58,596 - INFO - all icons have been checked and missing icons generated!
2024-04-03 20:37:17,217 - INFO - Checking icons for Modern Teal Slate theme. Icons color: #333333
2024-04-03 20:37:18,524 - INFO - Checking icons for Modern Teal Slate theme. Icons color: #333333
2024-04-03 20:37:19,156 - INFO - Checking icons for qt designer app.
2024-04-03 20:37:20,016 - INFO - all icons have been checked and missing icons generated!
2024-04-03 20:38:54,873 - INFO - Checking icons for Modern Teal Slate theme. Icons color: #333333
2024-04-03 20:38:55,685 - INFO - Checking icons for Modern Teal Slate theme. Icons color: #333333
2024-04-03 20:38:56,223 - INFO - Checking icons for qt designer app.
2024-04-03 20:38:56,863 - INFO - all icons have been checked and missing icons generated!
2024-04-03 20:39:22,672 - INFO - Checking icons for Modern Teal Slate theme. Icons color: #333333
2024-04-03 20:39:23,391 - INFO - Checking icons for Modern Teal Slate theme. Icons color: #333333
2024-04-03 20:39:23,912 - INFO - Checking icons for qt designer app.
2024-04-03 20:39:24,405 - INFO - all icons have been checked and missing icons generated!
2024-04-03 20:40:13,026 - INFO - Checking icons for Modern Teal Slate theme. Icons color: #333333
2024-04-03 20:40:13,670 - INFO - Checking icons for Modern Teal Slate theme. Icons color: #333333
2024-04-03 20:40:14,192 - INFO - Checking icons for qt designer app.
2024-04-03 20:41:34,026 - INFO - Checking icons for Modern Teal Slate theme. Icons color: #333333
2024-04-03 20:41:34,662 - INFO - Checking icons for Modern Teal Slate theme. Icons color: #333333
2024-04-03 20:41:35,349 - INFO - Checking icons for qt designer app.
2024-04-03 20:41:35,931 - INFO - all icons have been checked and missing icons generated!
2024-04-03 20:47:02,948 - INFO - Checking icons for Modern Teal Slate theme. Icons color: #333333
2024-04-03 20:47:03,624 - INFO - Checking icons for Modern Teal Slate theme. Icons color: #333333
2024-04-03 20:47:04,131 - INFO - Checking icons for qt designer app.
2024-04-03 20:47:04,617 - INFO - all icons have been checked and missing icons generated!
2024-04-03 20:47:43,451 - INFO - Checking icons for Modern Teal Slate theme. Icons color: #333333
2024-04-03 20:47:44,230 - INFO - Checking icons for Modern Teal Slate theme. Icons color: #333333
2024-04-03 20:47:44,772 - INFO - Checking icons for qt designer app.
2024-04-03 20:49:22,879 - INFO - Checking icons for Modern Teal Slate theme. Icons color: #333333
2024-04-03 20:49:23,444 - INFO - Checking icons for Modern Teal Slate theme. Icons color: #333333
2024-04-03 20:49:23,981 - INFO - Checking icons for qt designer app.
2024-04-03 20:49:24,499 - INFO - all icons have been checked and missing icons generated!
2024-04-03 20:49:34,564 - INFO - Checking icons for Modern Teal Slate theme. Icons color: #333333
2024-04-03 20:49:35,131 - INFO - Checking icons for Modern Teal Slate theme. Icons color: #333333
2024-04-03 20:49:35,670 - INFO - Checking icons for qt designer app.
2024-04-03 20:49:36,175 - INFO - all icons have been checked and missing icons generated!
2024-04-03 21:06:39,571 - INFO - Checking icons for Modern Teal Slate theme. Icons color: #333333
2024-04-03 21:06:40,495 - INFO - Checking icons for Modern Teal Slate theme. Icons color: #333333
2024-04-03 21:06:41,262 - INFO - Checking icons for qt designer app.
2024-04-03 21:06:42,102 - INFO - all icons have been checked and missing icons generated!
2024-04-03 21:27:20,224 - INFO - Checking icons for Modern Teal Slate theme. Icons color: #333333
2024-04-03 21:27:21,087 - INFO - Checking icons for Modern Teal Slate theme. Icons color: #333333
2024-04-03 21:27:21,608 - INFO - Checking icons for qt designer app.
2024-04-03 21:27:21,915 - INFO - all icons have been checked and missing icons generated!
2024-04-03 21:28:17,987 - INFO - Checking icons for Modern Teal Slate theme. Icons color: #333333
2024-04-03 21:28:19,017 - INFO - Checking icons for Modern Teal Slate theme. Icons color: #333333
2024-04-03 21:28:19,591 - INFO - Checking icons for qt designer app.
2024-04-03 21:28:20,053 - INFO - all icons have been checked and missing icons generated!
2024-04-03 21:28:52,647 - INFO - Checking icons for Modern Teal Slate theme. Icons color: #333333
2024-04-03 21:28:53,204 - INFO - Checking icons for Modern Teal Slate theme. Icons color: #333333
2024-04-03 21:28:53,802 - INFO - Checking icons for qt designer app.
2024-04-03 21:28:54,128 - INFO - all icons have been checked and missing icons generated!
2024-04-03 23:36:38,703 - INFO - Checking icons for Modern Teal Slate theme. Icons color: #333333
2024-04-03 23:36:41,187 - INFO - Checking icons for Modern Teal Slate theme. Icons color: #333333
2024-04-03 23:36:42,352 - INFO - Checking icons for qt designer app.
2024-04-03 23:36:43,749 - INFO - all icons have been checked and missing icons generated!
2024-04-03 23:37:51,572 - INFO - Checking icons for Modern Teal Slate theme. Icons color: #333333
2024-04-03 23:37:52,200 - INFO - Checking icons for Modern Teal Slate theme. Icons color: #333333
2024-04-03 23:37:52,659 - INFO - Checking icons for qt designer app.
2024-04-03 23:37:53,190 - INFO - all icons have been checked and missing icons generated!
2024-04-03 23:44:56,604 - INFO - Checking icons for Modern Teal Slate theme. Icons color: #333333
2024-04-03 23:44:57,510 - INFO - Checking icons for Modern Teal Slate theme. Icons color: #333333
2024-04-03 23:44:57,950 - INFO - Checking icons for qt designer app.
2024-04-03 23:44:58,202 - INFO - all icons have been checked and missing icons generated!
2024-04-03 23:59:51,364 - INFO - Checking icons for Modern Teal Slate theme. Icons color: #333333
2024-04-03 23:59:52,043 - INFO - Checking icons for Modern Teal Slate theme. Icons color: #333333
2024-04-03 23:59:52,444 - INFO - Checking icons for qt designer app.
2024-04-03 23:59:52,727 - INFO - all icons have been checked and missing icons generated!
2024-04-04 00:02:18,135 - INFO - Checking icons for Modern Teal Slate theme. Icons color: #333333
2024-04-04 00:02:18,768 - INFO - Checking icons for Modern Teal Slate theme. Icons color: #333333
2024-04-04 00:02:19,176 - INFO - Checking icons for qt designer app.
2024-04-04 00:02:19,435 - INFO - all icons have been checked and missing icons generated!
2024-04-04 00:17:28,207 - INFO - Checking icons for Modern Teal Slate theme. Icons color: #333333
2024-04-04 00:17:29,094 - INFO - Checking icons for Modern Teal Slate theme. Icons color: #333333
2024-04-04 00:17:29,628 - INFO - Checking icons for qt designer app.
2024-04-04 00:17:29,951 - INFO - all icons have been checked and missing icons generated!
2024-04-04 00:29:50,430 - INFO - Checking icons for Modern Teal Slate theme. Icons color: #333333
2024-04-04 00:29:51,185 - INFO - Checking icons for Modern Teal Slate theme. Icons color: #333333
2024-04-04 00:29:51,606 - INFO - Checking icons for qt designer app.
2024-04-04 00:29:52,052 - INFO - all icons have been checked and missing icons generated!
2024-04-04 00:40:46,277 - INFO - Checking icons for Modern Teal Slate theme. Icons color: #333333
2024-04-04 00:40:46,864 - INFO - Checking icons for Modern Teal Slate theme. Icons color: #333333
2024-04-04 00:40:47,244 - INFO - Checking icons for qt designer app.
2024-04-04 00:40:47,655 - INFO - all icons have been checked and missing icons generated!
2024-04-04 01:31:30,133 - INFO - Checking icons for Modern Teal Slate theme. Icons color: #333333
2024-04-04 01:31:30,703 - INFO - Checking icons for Modern Teal Slate theme. Icons color: #333333
2024-04-04 01:31:31,103 - INFO - Checking icons for qt designer app.
2024-04-04 01:31:31,625 - INFO - all icons have been checked and missing icons generated!
2024-04-04 01:31:57,214 - INFO - Checking icons for Modern Teal Slate theme. Icons color: #333333
2024-04-04 01:31:57,657 - INFO - Checking icons for Modern Teal Slate theme. Icons color: #333333
2024-04-04 01:31:58,038 - INFO - Checking icons for qt designer app.
2024-04-04 01:31:58,423 - INFO - all icons have been checked and missing icons generated!
2024-04-04 01:32:40,391 - INFO - Checking icons for Modern Teal Slate theme. Icons color: #333333
2024-04-04 01:32:40,850 - INFO - Checking icons for Modern Teal Slate theme. Icons color: #333333
2024-04-04 01:32:41,245 - INFO - Checking icons for qt designer app.
2024-04-04 01:32:41,638 - INFO - all icons have been checked and missing icons generated!
2024-04-04 01:34:26,045 - INFO - Checking icons for Modern Teal Slate theme. Icons color: #333333
2024-04-04 01:34:26,507 - INFO - Checking icons for Modern Teal Slate theme. Icons color: #333333
2024-04-04 01:34:26,902 - INFO - Checking icons for qt designer app.
2024-04-04 01:34:27,282 - INFO - all icons have been checked and missing icons generated!
2024-04-04 01:34:56,103 - INFO - Checking icons for Modern Teal Slate theme. Icons color: #333333
2024-04-04 01:34:56,533 - INFO - Checking icons for Modern Teal Slate theme. Icons color: #333333
2024-04-04 01:34:56,963 - INFO - Checking icons for qt designer app.
2024-04-04 01:34:57,391 - INFO - all icons have been checked and missing icons generated!
2024-04-04 01:36:33,901 - INFO - Checking icons for Modern Teal Slate theme. Icons color: #333333
2024-04-04 01:36:34,363 - INFO - Checking icons for Modern Teal Slate theme. Icons color: #333333
2024-04-04 01:36:34,748 - INFO - Checking icons for qt designer app.
2024-04-04 01:36:35,134 - INFO - all icons have been checked and missing icons generated!
2024-04-04 01:37:42,597 - INFO - Checking icons for Modern Teal Slate theme. Icons color: #333333
2024-04-04 01:37:43,200 - INFO - Checking icons for Modern Teal Slate theme. Icons color: #333333
2024-04-04 01:37:43,582 - INFO - Checking icons for qt designer app.
2024-04-04 01:37:44,153 - INFO - all icons have been checked and missing icons generated!
2024-04-04 01:38:36,051 - INFO - Checking icons for Modern Teal Slate theme. Icons color: #333333
2024-04-04 01:38:36,457 - INFO - Checking icons for Modern Teal Slate theme. Icons color: #333333
2024-04-04 01:38:36,849 - INFO - Checking icons for qt designer app.
2024-04-04 01:38:37,229 - INFO - all icons have been checked and missing icons generated!
2024-04-04 01:38:46,547 - INFO - Checking icons for Modern Teal Slate theme. Icons color: #333333
2024-04-04 01:38:47,023 - INFO - Checking icons for Modern Teal Slate theme. Icons color: #333333
2024-04-04 01:38:47,403 - INFO - Checking icons for qt designer app.
2024-04-04 01:38:47,784 - INFO - all icons have been checked and missing icons generated!
2024-04-04 01:39:33,477 - INFO - Checking icons for Modern Teal Slate theme. Icons color: #333333
2024-04-04 01:39:33,937 - INFO - Checking icons for Modern Teal Slate theme. Icons color: #333333
2024-04-04 01:39:34,337 - INFO - Checking icons for qt designer app.
2024-04-04 01:39:34,744 - INFO - all icons have been checked and missing icons generated!
2024-04-04 01:40:56,215 - INFO - Checking icons for Modern Teal Slate theme. Icons color: #333333
2024-04-04 01:40:56,638 - INFO - Checking icons for Modern Teal Slate theme. Icons color: #333333
2024-04-04 01:40:57,017 - INFO - Checking icons for qt designer app.
2024-04-04 01:40:57,419 - INFO - all icons have been checked and missing icons generated!
2024-04-04 01:42:51,458 - INFO - Checking icons for Modern Teal Slate theme. Icons color: #333333
2024-04-04 01:42:52,033 - INFO - Checking icons for Modern Teal Slate theme. Icons color: #333333
2024-04-04 01:42:52,417 - INFO - Checking icons for qt designer app.
2024-04-04 01:42:52,942 - INFO - all icons have been checked and missing icons generated!
2024-04-04 01:44:18,087 - INFO - Checking icons for Modern Teal Slate theme. Icons color: #333333
2024-04-04 01:44:18,515 - INFO - Checking icons for Modern Teal Slate theme. Icons color: #333333
2024-04-04 01:44:18,909 - INFO - Checking icons for qt designer app.
2024-04-04 01:44:19,303 - INFO - all icons have been checked and missing icons generated!
2024-04-04 01:47:14,727 - INFO - Checking icons for Modern Teal Slate theme. Icons color: #333333
2024-04-04 01:47:15,198 - INFO - Checking icons for Modern Teal Slate theme. Icons color: #333333
2024-04-04 01:47:15,623 - INFO - Checking icons for qt designer app.
2024-04-04 01:47:16,026 - INFO - all icons have been checked and missing icons generated!
2024-04-04 01:47:27,379 - INFO - Checking icons for Modern Teal Slate theme. Icons color: #333333
2024-04-04 01:47:27,817 - INFO - Checking icons for Modern Teal Slate theme. Icons color: #333333
2024-04-04 01:47:28,213 - INFO - Checking icons for qt designer app.
2024-04-04 01:47:28,609 - INFO - all icons have been checked and missing icons generated!
2024-04-04 01:55:47,677 - INFO - Checking icons for Modern Teal Slate theme. Icons color: #333333
2024-04-04 01:55:48,176 - INFO - Checking icons for Modern Teal Slate theme. Icons color: #333333
2024-04-04 01:55:48,611 - INFO - Checking icons for qt designer app.
2024-04-04 01:55:49,098 - INFO - all icons have been checked and missing icons generated!
2024-04-04 02:21:28,701 - INFO - Checking icons for Modern Teal Slate theme. Icons color: #333333
2024-04-04 02:21:29,299 - INFO - Checking icons for Modern Teal Slate theme. Icons color: #333333
2024-04-04 02:21:29,712 - INFO - Checking icons for qt designer app.
2024-04-04 02:21:30,299 - INFO - all icons have been checked and missing icons generated!
2024-04-04 02:23:16,882 - INFO - Checking icons for Modern Teal Slate theme. Icons color: #333333
2024-04-04 02:23:17,321 - INFO - Checking icons for Modern Teal Slate theme. Icons color: #333333
2024-04-04 02:23:17,703 - INFO - Checking icons for qt designer app.
2024-04-04 02:23:18,081 - INFO - all icons have been checked and missing icons generated!
2024-04-04 02:23:27,833 - INFO - Checking icons for Modern Teal Slate theme. Icons color: #333333
2024-04-04 02:23:28,254 - INFO - Checking icons for Modern Teal Slate theme. Icons color: #333333
2024-04-04 02:23:28,645 - INFO - Checking icons for qt designer app.
2024-04-04 02:23:29,034 - INFO - all icons have been checked and missing icons generated!
2024-04-04 02:25:52,455 - INFO - Checking icons for Modern Teal Slate theme. Icons color: #333333
2024-04-04 02:25:53,043 - INFO - Checking icons for Modern Teal Slate theme. Icons color: #333333
2024-04-04 02:25:53,430 - INFO - Checking icons for qt designer app.
2024-04-04 02:25:53,976 - INFO - all icons have been checked and missing icons generated!
2024-04-04 02:29:01,300 - INFO - Checking icons for Modern Teal Slate theme. Icons color: #333333
2024-04-04 02:29:01,728 - INFO - Checking icons for Modern Teal Slate theme. Icons color: #333333
2024-04-04 02:29:02,130 - INFO - Checking icons for qt designer app.
2024-04-04 02:29:02,524 - INFO - all icons have been checked and missing icons generated!
2024-04-04 02:41:31,879 - INFO - Checking icons for Modern Teal Slate theme. Icons color: #333333
2024-04-04 02:41:32,353 - INFO - Checking icons for Modern Teal Slate theme. Icons color: #333333
2024-04-04 02:41:32,752 - INFO - Checking icons for qt designer app.
2024-04-04 02:41:33,192 - INFO - all icons have been checked and missing icons generated!
2024-04-04 02:41:41,751 - INFO - Checking icons for Modern Teal Slate theme. Icons color: #333333
2024-04-04 02:41:42,169 - INFO - Checking icons for Modern Teal Slate theme. Icons color: #333333
2024-04-04 02:41:42,536 - INFO - Checking icons for qt designer app.
2024-04-04 02:41:42,915 - INFO - all icons have been checked and missing icons generated!
2024-04-04 02:42:00,090 - INFO - Checking icons for Modern Teal Slate theme. Icons color: #333333
2024-04-04 02:42:00,598 - INFO - Checking icons for Modern Teal Slate theme. Icons color: #333333
2024-04-04 02:42:01,119 - INFO - Checking icons for qt designer app.
2024-04-04 02:42:01,499 - INFO - all icons have been checked and missing icons generated!
2024-04-04 02:42:51,029 - INFO - Checking icons for Modern Teal Slate theme. Icons color: #333333
2024-04-04 02:42:51,457 - INFO - Checking icons for Modern Teal Slate theme. Icons color: #333333
2024-04-04 02:42:51,841 - INFO - Checking icons for qt designer app.
2024-04-04 02:42:52,229 - INFO - all icons have been checked and missing icons generated!
2024-04-04 02:43:00,572 - INFO - Checking icons for Modern Teal Slate theme. Icons color: #333333
2024-04-04 02:43:00,981 - INFO - Checking icons for Modern Teal Slate theme. Icons color: #333333
2024-04-04 02:43:01,353 - INFO - Checking icons for qt designer app.
2024-04-04 02:43:01,740 - INFO - all icons have been checked and missing icons generated!
2024-04-04 02:52:25,530 - INFO - Checking icons for Modern Teal Slate theme. Icons color: #333333
2024-04-04 02:52:26,178 - INFO - Checking icons for Modern Teal Slate theme. Icons color: #333333
2024-04-04 02:52:26,589 - INFO - Checking icons for qt designer app.
2024-04-04 02:52:27,175 - INFO - all icons have been checked and missing icons generated!
2024-04-04 02:52:36,245 - INFO - Checking icons for Modern Teal Slate theme. Icons color: #333333
2024-04-04 02:52:36,702 - INFO - Checking icons for Modern Teal Slate theme. Icons color: #333333
2024-04-04 02:52:37,080 - INFO - Checking icons for qt designer app.
2024-04-04 02:52:37,463 - INFO - all icons have been checked and missing icons generated!
2024-04-04 02:53:56,649 - INFO - Checking icons for Modern Teal Slate theme. Icons color: #333333
2024-04-04 02:53:57,110 - INFO - Checking icons for Modern Teal Slate theme. Icons color: #333333
2024-04-04 02:53:57,515 - INFO - Checking icons for qt designer app.
2024-04-04 02:53:57,901 - INFO - all icons have been checked and missing icons generated!
2024-04-04 02:55:40,124 - INFO - Checking icons for Modern Teal Slate theme. Icons color: #333333
2024-04-04 02:55:40,554 - INFO - Checking icons for Modern Teal Slate theme. Icons color: #333333
2024-04-04 02:55:40,949 - INFO - Checking icons for qt designer app.
2024-04-04 02:55:41,337 - INFO - all icons have been checked and missing icons generated!
2024-04-04 03:02:49,392 - INFO - Checking icons for Modern Teal Slate theme. Icons color: #333333
2024-04-04 03:02:50,012 - INFO - Checking icons for Modern Teal Slate theme. Icons color: #333333
2024-04-04 03:02:50,413 - INFO - Checking icons for qt designer app.
2024-04-04 03:02:50,944 - INFO - all icons have been checked and missing icons generated!
2024-04-04 03:03:19,955 - INFO - Checking icons for Modern Teal Slate theme. Icons color: #333333
2024-04-04 03:03:20,417 - INFO - Checking icons for Modern Teal Slate theme. Icons color: #333333
2024-04-04 03:03:20,825 - INFO - Checking icons for qt designer app.
2024-04-04 03:03:21,222 - INFO - all icons have been checked and missing icons generated!
2024-04-04 03:03:36,672 - INFO - Checking icons for Modern Teal Slate theme. Icons color: #333333
2024-04-04 03:03:37,108 - INFO - Checking icons for Modern Teal Slate theme. Icons color: #333333
2024-04-04 03:03:37,499 - INFO - Checking icons for qt designer app.
2024-04-04 03:03:37,892 - INFO - all icons have been checked and missing icons generated!
2024-04-04 03:06:42,754 - ERROR - Failed to compile source code
2024-04-04 03:07:28,008 - ERROR - Failed to compile source code
2024-04-04 03:07:58,179 - INFO - Checking icons for Modern Teal Slate theme. Icons color: #333333
2024-04-04 03:07:58,796 - INFO - Checking icons for Modern Teal Slate theme. Icons color: #333333
2024-04-04 03:07:59,183 - INFO - Checking icons for qt designer app.
2024-04-04 03:07:59,702 - INFO - all icons have been checked and missing icons generated!
2024-04-04 03:09:09,679 - INFO - Checking icons for Modern Teal Slate theme. Icons color: #333333
2024-04-04 03:09:10,259 - INFO - Checking icons for Modern Teal Slate theme. Icons color: #333333
2024-04-04 03:09:10,647 - INFO - Checking icons for qt designer app.
2024-04-04 03:09:11,294 - INFO - all icons have been checked and missing icons generated!
2024-04-04 03:09:42,036 - INFO - Checking icons for Modern Teal Slate theme. Icons color: #333333
2024-04-04 03:09:42,469 - INFO - Checking icons for Modern Teal Slate theme. Icons color: #333333
2024-04-04 03:09:42,875 - INFO - Checking icons for qt designer app.
2024-04-04 03:09:43,280 - INFO - all icons have been checked and missing icons generated!
2024-04-04 03:11:01,737 - INFO - Checking icons for Modern Teal Slate theme. Icons color: #333333
2024-04-04 03:11:02,172 - INFO - Checking icons for Modern Teal Slate theme. Icons color: #333333
2024-04-04 03:11:02,565 - INFO - Checking icons for qt designer app.
2024-04-04 03:11:02,953 - INFO - all icons have been checked and missing icons generated!
2024-04-04 03:11:32,796 - INFO - Checking icons for Modern Teal Slate theme. Icons color: #333333
2024-04-04 03:11:33,244 - INFO - Checking icons for Modern Teal Slate theme. Icons color: #333333
2024-04-04 03:11:33,649 - INFO - Checking icons for qt designer app.
2024-04-04 03:11:34,037 - INFO - all icons have been checked and missing icons generated!
2024-04-04 03:12:05,901 - INFO - Checking icons for Modern Teal Slate theme. Icons color: #333333
2024-04-04 03:12:06,347 - INFO - Checking icons for Modern Teal Slate theme. Icons color: #333333
2024-04-04 03:12:06,740 - INFO - Checking icons for qt designer app.
2024-04-04 03:12:07,131 - INFO - all icons have been checked and missing icons generated!
2024-04-04 03:12:36,722 - INFO - Checking icons for Modern Teal Slate theme. Icons color: #333333
2024-04-04 03:12:37,150 - INFO - Checking icons for Modern Teal Slate theme. Icons color: #333333
2024-04-04 03:12:37,540 - INFO - Checking icons for qt designer app.
2024-04-04 03:12:37,932 - INFO - all icons have been checked and missing icons generated!
2024-04-04 03:13:15,606 - INFO - Checking icons for Modern Teal Slate theme. Icons color: #333333
2024-04-04 03:13:16,321 - INFO - Checking icons for Modern Teal Slate theme. Icons color: #333333
2024-04-04 03:13:16,783 - INFO - Checking icons for qt designer app.
2024-04-04 03:13:17,248 - INFO - all icons have been checked and missing icons generated!
2024-04-04 03:13:32,826 - INFO - Checking icons for Modern Teal Slate theme. Icons color: #333333
2024-04-04 03:13:33,236 - INFO - Checking icons for Modern Teal Slate theme. Icons color: #333333
2024-04-04 03:13:33,625 - INFO - Checking icons for qt designer app.
2024-04-04 03:13:34,093 - INFO - all icons have been checked and missing icons generated!
2024-04-04 03:14:48,110 - INFO - Checking icons for Modern Teal Slate theme. Icons color: #333333
2024-04-04 03:14:48,545 - INFO - Checking icons for Modern Teal Slate theme. Icons color: #333333
2024-04-04 03:14:48,950 - INFO - Checking icons for qt designer app.
2024-04-04 03:14:49,322 - INFO - all icons have been checked and missing icons generated!
2024-04-04 18:25:50,785 - INFO - Checking icons for Modern Teal Slate theme. Icons color: #333333
2024-04-04 18:25:51,641 - INFO - Checking icons for Modern Teal Slate theme. Icons color: #333333
2024-04-04 18:25:52,014 - INFO - Checking icons for qt designer app.
2024-04-04 18:25:52,354 - INFO - all icons have been checked and missing icons generated!
2024-04-04 18:28:05,648 - INFO - Checking icons for Modern Teal Slate theme. Icons color: #333333
2024-04-04 18:28:06,203 - INFO - Checking icons for Modern Teal Slate theme. Icons color: #333333
2024-04-04 18:28:06,571 - INFO - Checking icons for qt designer app.
2024-04-04 18:28:06,903 - INFO - all icons have been checked and missing icons generated!
2024-04-04 18:28:19,773 - INFO - Checking icons for Modern Teal Slate theme. Icons color: #333333
2024-04-04 18:28:20,215 - INFO - Checking icons for Modern Teal Slate theme. Icons color: #333333
2024-04-04 18:28:20,576 - INFO - Checking icons for qt designer app.
2024-04-04 18:28:20,914 - INFO - all icons have been checked and missing icons generated!
2024-04-04 18:34:43,776 - INFO - Checking icons for Modern Teal Slate theme. Icons color: #333333
2024-04-04 18:34:44,369 - INFO - Checking icons for Modern Teal Slate theme. Icons color: #333333
2024-04-04 18:34:44,732 - INFO - Checking icons for qt designer app.
2024-04-04 18:34:45,091 - INFO - all icons have been checked and missing icons generated!
2024-04-04 18:35:15,400 - INFO - Checking icons for Modern Teal Slate theme. Icons color: #333333
2024-04-04 18:35:15,810 - INFO - Checking icons for Modern Teal Slate theme. Icons color: #333333
2024-04-04 18:35:16,150 - INFO - Checking icons for qt designer app.
2024-04-04 18:35:16,464 - INFO - all icons have been checked and missing icons generated!
2024-04-04 18:35:51,325 - INFO - Checking icons for Modern Teal Slate theme. Icons color: #333333
2024-04-04 18:35:51,880 - INFO - Checking icons for Modern Teal Slate theme. Icons color: #333333
2024-04-04 18:35:52,410 - INFO - Checking icons for qt designer app.
2024-04-04 18:35:52,860 - INFO - all icons have been checked and missing icons generated!
2024-04-04 18:36:36,614 - INFO - Checking icons for Modern Teal Slate theme. Icons color: #333333
2024-04-04 18:36:37,277 - INFO - Checking icons for Modern Teal Slate theme. Icons color: #333333
2024-04-04 18:36:37,712 - INFO - Checking icons for qt designer app.
2024-04-04 18:36:38,190 - INFO - all icons have been checked and missing icons generated!
2024-04-04 18:37:45,541 - INFO - Checking icons for Modern Teal Slate theme. Icons color: #333333
2024-04-04 18:37:46,171 - INFO - Checking icons for Modern Teal Slate theme. Icons color: #333333
2024-04-04 18:37:46,515 - INFO - Checking icons for qt designer app.
2024-04-04 18:37:46,908 - INFO - all icons have been checked and missing icons generated!
2024-04-04 18:47:22,171 - INFO - Checking icons for Modern Teal Slate theme. Icons color: #333333
2024-04-04 18:47:22,759 - INFO - Checking icons for Modern Teal Slate theme. Icons color: #333333
2024-04-04 18:47:23,162 - INFO - Checking icons for qt designer app.
2024-04-04 18:47:23,549 - INFO - all icons have been checked and missing icons generated!
2024-04-04 18:50:45,493 - INFO - Checking icons for Modern Teal Slate theme. Icons color: #333333
2024-04-04 18:50:46,062 - INFO - Checking icons for Modern Teal Slate theme. Icons color: #333333
2024-04-04 18:50:46,439 - INFO - Checking icons for qt designer app.
2024-04-04 18:50:46,785 - INFO - all icons have been checked and missing icons generated!
2024-04-04 18:52:21,691 - INFO - Checking icons for Modern Teal Slate theme. Icons color: #333333
2024-04-04 18:52:22,270 - INFO - Checking icons for Modern Teal Slate theme. Icons color: #333333
2024-04-04 18:52:22,730 - INFO - Checking icons for qt designer app.
2024-04-04 18:52:23,219 - INFO - all icons have been checked and missing icons generated!
2024-04-04 18:52:54,265 - INFO - Checking icons for Modern Teal Slate theme. Icons color: #333333
2024-04-04 18:52:54,752 - INFO - Checking icons for Modern Teal Slate theme. Icons color: #333333
2024-04-04 18:52:55,233 - INFO - Checking icons for qt designer app.
2024-04-04 18:52:55,610 - INFO - all icons have been checked and missing icons generated!
2024-04-04 18:56:27,820 - INFO - Checking icons for Modern Teal Slate theme. Icons color: #333333
2024-04-04 18:56:28,308 - INFO - Checking icons for Modern Teal Slate theme. Icons color: #333333
2024-04-04 18:56:28,668 - INFO - Checking icons for qt designer app.
2024-04-04 18:56:29,008 - INFO - all icons have been checked and missing icons generated!
2024-04-04 18:57:09,519 - INFO - Checking icons for Modern Teal Slate theme. Icons color: #333333
2024-04-04 18:57:10,009 - INFO - Checking icons for Modern Teal Slate theme. Icons color: #333333
2024-04-04 18:57:10,381 - INFO - Checking icons for qt designer app.
2024-04-04 18:57:10,731 - INFO - all icons have been checked and missing icons generated!
2024-04-04 18:57:36,423 - INFO - Checking icons for Modern Teal Slate theme. Icons color: #333333
2024-04-04 18:57:36,899 - INFO - Checking icons for Modern Teal Slate theme. Icons color: #333333
2024-04-04 18:57:37,273 - INFO - Checking icons for qt designer app.
2024-04-04 18:57:37,630 - INFO - all icons have been checked and missing icons generated!
2024-04-04 19:00:24,941 - INFO - Checking icons for Modern Teal Slate theme. Icons color: #333333
2024-04-04 19:00:25,473 - INFO - Checking icons for Modern Teal Slate theme. Icons color: #333333
2024-04-04 19:00:25,887 - INFO - Checking icons for qt designer app.
2024-04-04 19:00:26,311 - INFO - all icons have been checked and missing icons generated!
2024-04-04 19:04:13,008 - INFO - Checking icons for Modern Teal Slate theme. Icons color: #333333
2024-04-04 19:04:13,614 - INFO - Checking icons for Modern Teal Slate theme. Icons color: #333333
2024-04-04 19:04:14,030 - INFO - Checking icons for qt designer app.
2024-04-04 19:04:14,459 - INFO - all icons have been checked and missing icons generated!
2024-04-04 19:04:30,311 - INFO - Checking icons for Modern Teal Slate theme. Icons color: #333333
2024-04-04 19:04:30,909 - INFO - Checking icons for Modern Teal Slate theme. Icons color: #333333
2024-04-04 19:04:31,344 - INFO - Checking icons for qt designer app.
2024-04-04 19:04:31,813 - INFO - all icons have been checked and missing icons generated!
2024-04-04 19:05:29,559 - INFO - Checking icons for Modern Teal Slate theme. Icons color: #333333
2024-04-04 19:05:30,134 - INFO - Checking icons for Modern Teal Slate theme. Icons color: #333333
2024-04-04 19:05:30,506 - INFO - Checking icons for qt designer app.
2024-04-04 19:05:30,849 - INFO - all icons have been checked and missing icons generated!
2024-04-04 19:05:49,072 - INFO - Checking icons for Modern Teal Slate theme. Icons color: #333333
2024-04-04 19:05:49,614 - INFO - Checking icons for Modern Teal Slate theme. Icons color: #333333
2024-04-04 19:05:49,995 - INFO - Checking icons for qt designer app.
2024-04-04 19:05:50,373 - INFO - all icons have been checked and missing icons generated!
2024-04-04 19:11:56,504 - INFO - Checking icons for Modern Teal Slate theme. Icons color: #333333
2024-04-04 19:11:56,904 - INFO - Checking icons for Modern Teal Slate theme. Icons color: #333333
2024-04-04 19:11:57,351 - INFO - Checking icons for qt designer app.
2024-04-04 19:11:57,738 - INFO - all icons have been checked and missing icons generated!
2024-04-04 19:12:43,698 - INFO - Checking icons for Modern Teal Slate theme. Icons color: #333333
2024-04-04 19:12:44,253 - INFO - Checking icons for Modern Teal Slate theme. Icons color: #333333
2024-04-04 19:12:44,635 - INFO - Checking icons for qt designer app.
2024-04-04 19:12:44,967 - INFO - all icons have been checked and missing icons generated!
2024-04-04 19:13:09,910 - INFO - Checking icons for Modern Teal Slate theme. Icons color: #333333
2024-04-04 19:13:10,451 - INFO - Checking icons for Modern Teal Slate theme. Icons color: #333333
2024-04-04 19:13:10,904 - INFO - Checking icons for qt designer app.
2024-04-04 19:13:11,251 - INFO - all icons have been checked and missing icons generated!
2024-04-04 19:19:48,378 - INFO - Checking icons for Modern Teal Slate theme. Icons color: #333333
2024-04-04 19:19:49,075 - INFO - Checking icons for Modern Teal Slate theme. Icons color: #333333
2024-04-04 19:19:49,687 - INFO - Checking icons for qt designer app.
2024-04-04 19:19:50,280 - INFO - all icons have been checked and missing icons generated!
2024-04-04 19:21:46,654 - INFO - Checking icons for Modern Teal Slate theme. Icons color: #333333
2024-04-04 19:21:47,346 - INFO - Checking icons for Modern Teal Slate theme. Icons color: #333333
2024-04-04 19:21:47,933 - INFO - Checking icons for qt designer app.
2024-04-04 19:21:48,494 - INFO - all icons have been checked and missing icons generated!
2024-04-04 19:22:02,990 - INFO - Checking icons for Modern Teal Slate theme. Icons color: #333333
2024-04-04 19:22:03,601 - INFO - Checking icons for Modern Teal Slate theme. Icons color: #333333
2024-04-04 19:22:04,097 - INFO - Checking icons for qt designer app.
2024-04-04 19:22:04,849 - INFO - all icons have been checked and missing icons generated!
2024-04-04 19:25:10,448 - INFO - Checking icons for Modern Teal Slate theme. Icons color: #333333
2024-04-04 19:25:11,108 - INFO - Checking icons for Modern Teal Slate theme. Icons color: #333333
2024-04-04 19:25:11,617 - INFO - Checking icons for qt designer app.
2024-04-04 19:25:12,268 - INFO - all icons have been checked and missing icons generated!
2024-04-04 19:26:03,964 - INFO - Checking icons for Modern Teal Slate theme. Icons color: #333333
2024-04-04 19:26:04,719 - INFO - Checking icons for Modern Teal Slate theme. Icons color: #333333
2024-04-04 19:26:05,478 - INFO - Checking icons for qt designer app.
2024-04-04 19:26:06,244 - INFO - all icons have been checked and missing icons generated!
2024-04-04 19:26:36,960 - INFO - Checking icons for Modern Teal Slate theme. Icons color: #333333
2024-04-04 19:26:37,590 - INFO - Checking icons for Modern Teal Slate theme. Icons color: #333333
2024-04-04 19:26:38,187 - INFO - Checking icons for qt designer app.
2024-04-04 19:26:38,810 - INFO - all icons have been checked and missing icons generated!
2024-04-04 19:27:05,921 - INFO - Checking icons for Modern Teal Slate theme. Icons color: #333333
2024-04-04 19:27:06,486 - INFO - Checking icons for Modern Teal Slate theme. Icons color: #333333
2024-04-04 19:27:07,034 - INFO - Checking icons for qt designer app.
2024-04-04 19:27:07,533 - INFO - all icons have been checked and missing icons generated!
2024-04-04 19:27:15,522 - INFO - Checking icons for Modern Teal Slate theme. Icons color: #333333
2024-04-04 19:27:16,423 - INFO - Checking icons for Modern Teal Slate theme. Icons color: #333333
2024-04-04 19:27:17,511 - INFO - Checking icons for qt designer app.
2024-04-04 19:27:18,469 - INFO - all icons have been checked and missing icons generated!
2024-04-04 19:27:26,746 - INFO - Checking icons for Modern Teal Slate theme. Icons color: #333333
2024-04-04 19:27:27,401 - INFO - Checking icons for Modern Teal Slate theme. Icons color: #333333
2024-04-04 19:27:27,839 - INFO - Checking icons for qt designer app.
2024-04-04 19:27:28,319 - INFO - all icons have been checked and missing icons generated!
2024-04-04 19:36:46,134 - INFO - Checking icons for Modern Teal Slate theme. Icons color: #333333
2024-04-04 19:36:46,736 - INFO - Checking icons for Modern Teal Slate theme. Icons color: #333333
2024-04-04 19:36:47,250 - INFO - Checking icons for qt designer app.
2024-04-04 19:36:47,762 - INFO - all icons have been checked and missing icons generated!
2024-04-04 20:22:16,349 - INFO - Checking icons for Modern Teal Slate theme. Icons color: #333333
2024-04-04 20:22:17,455 - INFO - Checking icons for Modern Teal Slate theme. Icons color: #333333
2024-04-04 20:22:18,117 - INFO - Checking icons for qt designer app.
2024-04-04 20:22:19,088 - INFO - all icons have been checked and missing icons generated!
2024-04-04 20:22:43,274 - INFO - Checking icons for Modern Teal Slate theme. Icons color: #333333
2024-04-04 20:22:44,044 - INFO - Checking icons for Modern Teal Slate theme. Icons color: #333333
2024-04-04 20:22:44,589 - INFO - Checking icons for qt designer app.
2024-04-04 20:22:45,130 - INFO - all icons have been checked and missing icons generated!
2024-04-04 20:37:49,428 - INFO - Checking icons for Modern Teal Slate theme. Icons color: #333333
2024-04-04 20:37:50,291 - INFO - Checking icons for Modern Teal Slate theme. Icons color: #333333
2024-04-04 20:37:50,845 - INFO - Checking icons for qt designer app.
2024-04-04 20:37:51,398 - INFO - all icons have been checked and missing icons generated!
2024-04-04 20:39:08,477 - INFO - Checking icons for Modern Teal Slate theme. Icons color: #333333
2024-04-04 20:39:09,753 - INFO - Checking icons for Modern Teal Slate theme. Icons color: #333333
2024-04-04 20:39:10,715 - INFO - Checking icons for qt designer app.
2024-04-04 20:39:11,772 - INFO - all icons have been checked and missing icons generated!
2024-04-04 20:39:17,167 - INFO - Checking icons for Modern Teal Slate theme. Icons color: #333333
2024-04-04 20:39:18,071 - INFO - Checking icons for Modern Teal Slate theme. Icons color: #333333
2024-04-04 20:39:18,692 - INFO - Checking icons for qt designer app.
2024-04-04 20:39:19,365 - INFO - all icons have been checked and missing icons generated!
2024-04-04 20:41:41,137 - INFO - Checking icons for Modern Teal Slate theme. Icons color: #333333
2024-04-04 20:41:41,881 - INFO - Checking icons for Modern Teal Slate theme. Icons color: #333333
2024-04-04 20:41:42,497 - INFO - Checking icons for qt designer app.
2024-04-04 20:41:43,092 - INFO - all icons have been checked and missing icons generated!
2024-04-04 20:42:02,681 - INFO - Checking icons for Modern Teal Slate theme. Icons color: #333333
2024-04-04 20:42:03,542 - INFO - Checking icons for Modern Teal Slate theme. Icons color: #333333
2024-04-04 20:42:04,204 - INFO - Checking icons for qt designer app.
2024-04-04 20:42:04,758 - INFO - all icons have been checked and missing icons generated!
2024-04-04 20:42:16,332 - INFO - Checking icons for Modern Teal Slate theme. Icons color: #333333
2024-04-04 20:42:17,113 - INFO - Checking icons for Modern Teal Slate theme. Icons color: #333333
2024-04-04 20:42:17,814 - INFO - Checking icons for qt designer app.
2024-04-04 20:42:18,500 - INFO - all icons have been checked and missing icons generated!
2024-04-04 20:53:56,157 - INFO - Checking icons for Modern Teal Slate theme. Icons color: #333333
2024-04-04 20:53:59,051 - INFO - Checking icons for Modern Teal Slate theme. Icons color: #333333
2024-04-04 20:54:00,441 - INFO - Checking icons for qt designer app.
2024-04-04 20:54:20,013 - INFO - Checking icons for Modern Teal Slate theme. Icons color: #333333
2024-04-04 20:54:21,538 - INFO - Checking icons for Modern Teal Slate theme. Icons color: #333333
2024-04-04 20:54:22,376 - INFO - Checking icons for qt designer app.
2024-04-04 20:55:28,373 - INFO - Checking icons for Modern Teal Slate theme. Icons color: #333333
2024-04-04 20:55:32,614 - INFO - Checking icons for Modern Teal Slate theme. Icons color: #333333
2024-04-04 20:55:35,695 - INFO - Checking icons for qt designer app.
2024-04-04 20:55:38,215 - INFO - all icons have been checked and missing icons generated!
2024-04-04 20:56:01,943 - INFO - Checking icons for Modern Teal Slate theme. Icons color: #333333
2024-04-04 20:56:03,870 - INFO - Checking icons for Modern Teal Slate theme. Icons color: #333333
2024-04-04 20:56:05,628 - INFO - Checking icons for qt designer app.
2024-04-04 20:56:07,489 - INFO - all icons have been checked and missing icons generated!
2024-04-04 20:56:56,464 - INFO - Checking icons for Modern Teal Slate theme. Icons color: #333333
2024-04-04 20:56:58,374 - INFO - Checking icons for Modern Teal Slate theme. Icons color: #333333
2024-04-04 20:57:00,137 - INFO - Checking icons for qt designer app.
2024-04-04 20:57:01,611 - INFO - all icons have been checked and missing icons generated!
2024-04-04 20:57:52,887 - INFO - Checking icons for Modern Teal Slate theme. Icons color: #333333
2024-04-04 20:57:54,309 - INFO - Checking icons for Modern Teal Slate theme. Icons color: #333333
2024-04-04 20:57:55,569 - INFO - Checking icons for qt designer app.
2024-04-04 20:57:56,942 - INFO - all icons have been checked and missing icons generated!
2024-04-04 21:00:43,428 - INFO - Checking icons for Modern Teal Slate theme. Icons color: #333333
2024-04-04 21:00:48,326 - INFO - Checking icons for Modern Teal Slate theme. Icons color: #333333
2024-04-04 21:00:50,898 - INFO - Checking icons for qt designer app.
2024-04-04 21:01:04,863 - INFO - Checking icons for Modern Teal Slate theme. Icons color: #333333
2024-04-04 21:01:06,743 - INFO - Checking icons for Modern Teal Slate theme. Icons color: #333333
2024-04-04 21:01:08,269 - INFO - Checking icons for qt designer app.
2024-04-04 21:01:09,527 - INFO - all icons have been checked and missing icons generated!
2024-04-04 21:01:47,892 - INFO - Checking icons for Modern Teal Slate theme. Icons color: #333333
2024-04-04 21:02:56,247 - INFO - Checking icons for Modern Teal Slate theme. Icons color: #333333
2024-04-04 21:02:58,171 - INFO - Checking icons for Modern Teal Slate theme. Icons color: #333333
2024-04-04 21:02:59,760 - INFO - Checking icons for qt designer app.
2024-04-04 21:03:01,763 - INFO - all icons have been checked and missing icons generated!
2024-04-04 21:03:38,984 - INFO - Checking icons for Modern Teal Slate theme. Icons color: #333333
2024-04-04 21:03:41,978 - INFO - Checking icons for Modern Teal Slate theme. Icons color: #333333
2024-04-04 21:04:36,315 - INFO - Checking icons for Modern Teal Slate theme. Icons color: #333333
2024-04-04 21:04:40,590 - INFO - Checking icons for Modern Teal Slate theme. Icons color: #333333
2024-04-04 21:04:42,936 - INFO - Checking icons for qt designer app.
2024-04-04 21:05:32,451 - INFO - Checking icons for Modern Teal Slate theme. Icons color: #333333
2024-04-04 21:05:35,002 - INFO - Checking icons for Modern Teal Slate theme. Icons color: #333333
2024-04-04 21:05:37,175 - INFO - Checking icons for qt designer app.
2024-04-04 21:08:03,900 - INFO - Checking icons for Modern Teal Slate theme. Icons color: #333333
2024-04-04 21:08:06,037 - INFO - Checking icons for Modern Teal Slate theme. Icons color: #333333
2024-04-04 21:08:07,581 - INFO - Checking icons for qt designer app.
2024-04-04 21:08:09,082 - INFO - all icons have been checked and missing icons generated!
2024-04-04 21:10:24,270 - INFO - Checking icons for Modern Teal Slate theme. Icons color: #333333
2024-04-04 21:10:26,057 - INFO - Checking icons for Modern Teal Slate theme. Icons color: #333333
2024-04-04 21:10:27,912 - INFO - Checking icons for qt designer app.
2024-04-04 21:10:29,642 - INFO - all icons have been checked and missing icons generated!
2024-04-04 21:11:02,233 - INFO - Checking icons for Modern Teal Slate theme. Icons color: #333333
2024-04-04 21:11:04,179 - INFO - Checking icons for Modern Teal Slate theme. Icons color: #333333
2024-04-04 21:11:05,747 - INFO - Checking icons for qt designer app.
2024-04-04 21:11:06,779 - INFO - all icons have been checked and missing icons generated!
2024-04-04 21:12:26,288 - INFO - Checking icons for Modern Teal Slate theme. Icons color: #333333
2024-04-04 21:12:28,645 - INFO - Checking icons for Modern Teal Slate theme. Icons color: #333333
2024-04-04 21:12:30,970 - INFO - Checking icons for qt designer app.
2024-04-04 21:12:32,802 - INFO - all icons have been checked and missing icons generated!
2024-04-04 21:13:29,130 - INFO - Checking icons for Modern Teal Slate theme. Icons color: #333333
2024-04-04 21:13:31,020 - INFO - Checking icons for Modern Teal Slate theme. Icons color: #333333
2024-04-04 21:13:33,060 - INFO - Checking icons for qt designer app.
2024-04-04 21:13:47,395 - INFO - Checking icons for Modern Teal Slate theme. Icons color: #333333
2024-04-04 21:13:49,609 - INFO - Checking icons for Modern Teal Slate theme. Icons color: #333333
2024-04-04 21:13:51,578 - INFO - Checking icons for qt designer app.
2024-04-04 21:14:06,064 - INFO - Checking icons for Modern Teal Slate theme. Icons color: #333333
2024-04-04 21:14:07,677 - INFO - Checking icons for Modern Teal Slate theme. Icons color: #333333
2024-04-04 21:14:09,671 - INFO - Checking icons for qt designer app.
2024-04-04 21:14:32,815 - INFO - Checking icons for Modern Teal Slate theme. Icons color: #333333
2024-04-04 21:14:34,345 - INFO - Checking icons for Modern Teal Slate theme. Icons color: #333333
2024-04-04 21:14:35,747 - INFO - Checking icons for qt designer app.
2024-04-04 21:14:37,140 - INFO - all icons have been checked and missing icons generated!
2024-04-04 21:15:15,285 - INFO - Checking icons for Modern Teal Slate theme. Icons color: #333333
2024-04-04 21:15:17,449 - INFO - Checking icons for Modern Teal Slate theme. Icons color: #333333
2024-04-04 21:15:19,835 - INFO - Checking icons for qt designer app.
2024-04-04 21:15:22,139 - INFO - all icons have been checked and missing icons generated!
2024-04-04 21:20:06,371 - INFO - Checking icons for Modern Teal Slate theme. Icons color: #333333
2024-04-04 21:20:10,249 - INFO - Checking icons for Modern Teal Slate theme. Icons color: #333333
2024-04-04 21:20:12,864 - INFO - Checking icons for qt designer app.
2024-04-04 21:20:45,531 - INFO - Checking icons for Modern Teal Slate theme. Icons color: #333333
2024-04-04 21:22:37,255 - INFO - Checking icons for Modern Teal Slate theme. Icons color: #333333
2024-04-04 21:22:39,201 - INFO - Checking icons for Modern Teal Slate theme. Icons color: #333333
2024-04-04 21:22:40,836 - INFO - Checking icons for qt designer app.
2024-04-04 21:28:07,023 - INFO - Checking icons for Modern Teal Slate theme. Icons color: #333333
2024-04-04 21:28:09,054 - INFO - Checking icons for Modern Teal Slate theme. Icons color: #333333
2024-04-04 21:28:10,840 - INFO - Checking icons for qt designer app.
2024-04-04 21:29:03,091 - INFO - Checking icons for Modern Teal Slate theme. Icons color: #333333
2024-04-04 21:30:18,476 - INFO - Checking icons for Modern Teal Slate theme. Icons color: #333333
2024-04-04 21:30:19,543 - INFO - Checking icons for Modern Teal Slate theme. Icons color: #333333
2024-04-04 21:30:20,491 - INFO - Checking icons for qt designer app.
2024-04-04 21:30:21,502 - INFO - all icons have been checked and missing icons generated!
2024-04-04 21:32:07,784 - INFO - Checking icons for Modern Teal Slate theme. Icons color: #333333
2024-04-04 21:32:08,784 - INFO - Checking icons for Modern Teal Slate theme. Icons color: #333333
2024-04-04 21:32:09,599 - INFO - Checking icons for qt designer app.
2024-04-04 21:32:10,446 - INFO - all icons have been checked and missing icons generated!
2024-04-04 21:32:36,915 - INFO - Checking icons for Modern Teal Slate theme. Icons color: #333333
2024-04-04 21:32:37,813 - INFO - Checking icons for Modern Teal Slate theme. Icons color: #333333
2024-04-04 21:32:38,674 - INFO - Checking icons for qt designer app.
2024-04-04 21:32:39,525 - INFO - all icons have been checked and missing icons generated!
2024-04-04 21:35:15,575 - INFO - Checking icons for Modern Teal Slate theme. Icons color: #333333
2024-04-04 21:35:16,889 - INFO - Checking icons for Modern Teal Slate theme. Icons color: #333333
2024-04-04 21:35:18,172 - INFO - Checking icons for qt designer app.
2024-04-04 21:35:19,255 - INFO - all icons have been checked and missing icons generated!
2024-04-04 21:35:31,737 - INFO - Checking icons for Modern Teal Slate theme. Icons color: #333333
2024-04-04 21:35:32,849 - INFO - Checking icons for Modern Teal Slate theme. Icons color: #333333
2024-04-04 21:35:33,676 - INFO - Checking icons for qt designer app.
2024-04-04 21:44:13,523 - INFO - Checking icons for Modern Teal Slate theme. Icons color: #333333
2024-04-04 21:44:14,945 - INFO - Checking icons for Modern Teal Slate theme. Icons color: #333333
2024-04-04 21:44:15,590 - INFO - Checking icons for qt designer app.
2024-04-04 21:44:39,079 - INFO - Checking icons for Modern Teal Slate theme. Icons color: #333333
2024-04-04 21:44:39,910 - INFO - Checking icons for Modern Teal Slate theme. Icons color: #333333
2024-04-04 21:44:40,583 - INFO - Checking icons for qt designer app.
2024-04-04 21:44:41,586 - INFO - all icons have been checked and missing icons generated!
2024-04-04 21:44:52,707 - INFO - Checking icons for Modern Teal Slate theme. Icons color: #333333
2024-04-04 21:44:53,467 - INFO - Checking icons for Modern Teal Slate theme. Icons color: #333333
2024-04-04 21:44:54,101 - INFO - Checking icons for qt designer app.
2024-04-04 21:44:54,825 - INFO - all icons have been checked and missing icons generated!
2024-04-04 21:45:09,837 - INFO - Checking icons for Modern Teal Slate theme. Icons color: #333333
2024-04-04 21:45:10,462 - INFO - Checking icons for Modern Teal Slate theme. Icons color: #333333
2024-04-04 21:45:11,044 - INFO - Checking icons for qt designer app.
2024-04-04 21:45:11,619 - INFO - all icons have been checked and missing icons generated!
2024-04-04 21:46:18,944 - INFO - Checking icons for Modern Teal Slate theme. Icons color: #333333
2024-04-04 21:46:19,627 - INFO - Checking icons for Modern Teal Slate theme. Icons color: #333333
2024-04-04 21:46:20,191 - INFO - Checking icons for qt designer app.
2024-04-04 21:46:20,753 - INFO - all icons have been checked and missing icons generated!
2024-04-04 21:46:34,312 - INFO - Checking icons for Modern Teal Slate theme. Icons color: #333333
2024-04-04 21:46:34,998 - INFO - Checking icons for Modern Teal Slate theme. Icons color: #333333
2024-04-04 21:46:35,592 - INFO - Checking icons for qt designer app.
2024-04-04 21:49:39,218 - INFO - Checking icons for Modern Teal Slate theme. Icons color: #333333
2024-04-04 21:49:40,016 - INFO - Checking icons for Modern Teal Slate theme. Icons color: #333333
2024-04-04 21:49:40,664 - INFO - Checking icons for qt designer app.
2024-04-04 21:49:41,266 - INFO - all icons have been checked and missing icons generated!
2024-04-04 21:49:57,158 - INFO - Checking icons for Modern Teal Slate theme. Icons color: #333333
2024-04-04 21:49:57,781 - INFO - Checking icons for Modern Teal Slate theme. Icons color: #333333
2024-04-04 21:49:58,390 - INFO - Checking icons for qt designer app.
2024-04-04 21:49:58,986 - INFO - all icons have been checked and missing icons generated!
2024-04-04 21:52:52,797 - INFO - Checking icons for Modern Teal Slate theme. Icons color: #333333
2024-04-04 21:52:53,425 - INFO - Checking icons for Modern Teal Slate theme. Icons color: #333333
2024-04-04 21:52:53,994 - INFO - Checking icons for qt designer app.
2024-04-04 21:52:54,567 - INFO - all icons have been checked and missing icons generated!
2024-04-04 21:55:02,635 - INFO - Checking icons for Modern Teal Slate theme. Icons color: #333333
2024-04-04 21:55:03,314 - INFO - Checking icons for Midnight Teal Slate theme. Icons color: #F5F5F5
2024-04-04 22:05:49,974 - INFO - Checking icons for Modern Teal Slate theme. Icons color: #333333
2024-04-04 22:05:52,200 - INFO - Checking icons for Midnight Teal Slate theme. Icons color: #F5F5F5
2024-04-04 22:05:53,690 - INFO - Checking icons for Modern Teal Slate theme. Icons color: #333333
2024-04-04 22:05:54,823 - INFO - Checking icons for Midnight Teal Slate theme. Icons color: #F5F5F5
2024-04-04 22:05:55,304 - INFO - Checking icons for qt designer app.
2024-04-04 22:05:56,332 - INFO - Checking icons for Modern Teal Slate theme. Icons color: #333333
2024-04-04 22:05:57,376 - INFO - Checking icons for Midnight Teal Slate theme. Icons color: #F5F5F5
2024-04-04 22:05:58,453 - INFO - Checking icons for Modern Teal Slate theme. Icons color: #333333
2024-04-04 22:05:58,930 - INFO - Checking icons for Midnight Teal Slate theme. Icons color: #F5F5F5
2024-04-04 22:05:59,363 - INFO - Checking icons for Modern Teal Slate theme. Icons color: #333333
2024-04-04 22:05:59,781 - INFO - Checking icons for Midnight Teal Slate theme. Icons color: #F5F5F5
2024-04-04 22:06:00,216 - INFO - Checking icons for qt designer app.
2024-04-04 22:06:00,639 - INFO - all icons have been checked and missing icons generated!
2024-04-04 22:06:20,836 - INFO - Checking icons for Modern Teal Slate theme. Icons color: #333333
2024-04-04 22:06:21,913 - INFO - Checking icons for Midnight Teal Slate theme. Icons color: #F5F5F5
2024-04-04 22:06:22,759 - INFO - Checking icons for Modern Teal Slate theme. Icons color: #333333
2024-04-04 22:06:26,822 - INFO - Checking icons for Modern Teal Slate theme. Icons color: #333333
2024-04-04 22:06:27,808 - INFO - Checking icons for Midnight Teal Slate theme. Icons color: #F5F5F5
2024-04-04 22:06:28,655 - INFO - Checking icons for Modern Teal Slate theme. Icons color: #333333
2024-04-04 22:06:29,510 - INFO - Checking icons for Midnight Teal Slate theme. Icons color: #F5F5F5
2024-04-04 22:06:30,440 - INFO - Checking icons for qt designer app.
2024-04-04 22:06:31,248 - INFO - all icons have been checked and missing icons generated!
2024-04-04 22:07:54,258 - INFO - ('Current icons color ', '#333333', 'New icons color', '#F5F5F5')
2024-04-04 22:07:54,258 - INFO - Generating icons for your theme, please wait. This may take long
2024-04-04 22:07:54,891 - INFO - ('DONE: Current icons color ', '#F5F5F5')
2024-04-04 22:07:57,898 - INFO - ('Current icons color ', '#F5F5F5', 'New icons color', '#333333')
2024-04-04 22:07:57,900 - INFO - Generating icons for your theme, please wait. This may take long
2024-04-04 22:07:58,227 - INFO - ('DONE: Current icons color ', '#333333')
2024-04-04 22:08:20,928 - INFO - Checking icons for Modern Teal Slate theme. Icons color: #333333
2024-04-04 22:08:21,481 - INFO - Checking icons for Midnight Teal Slate theme. Icons color: #F5F5F5
2024-04-04 22:08:21,975 - INFO - Checking icons for Modern Teal Slate theme. Icons color: #333333
2024-04-04 22:08:22,457 - INFO - Checking icons for Midnight Teal Slate theme. Icons color: #F5F5F5
2024-04-04 22:08:22,943 - INFO - Checking icons for qt designer app.
2024-04-04 22:08:23,455 - INFO - all icons have been checked and missing icons generated!
2024-04-04 22:08:37,318 - INFO - ('Current icons color ', '#333333', 'New icons color', '#F5F5F5')
2024-04-04 22:08:37,318 - INFO - Generating icons for your theme, please wait. This may take long
2024-04-04 22:08:37,896 - INFO - ('DONE: Current icons color ', '#F5F5F5')
2024-04-04 22:08:39,507 - INFO - ('Current icons color ', '#F5F5F5', 'New icons color', '#333333')
2024-04-04 22:08:39,508 - INFO - Generating icons for your theme, please wait. This may take long
2024-04-04 22:08:39,902 - INFO - ('DONE: Current icons color ', '#333333')
2024-04-04 22:09:06,327 - INFO - Checking icons for Modern Teal Slate theme. Icons color: #333333
2024-04-04 22:09:06,868 - INFO - Checking icons for Midnight Teal Slate theme. Icons color: #F5F5F5
2024-04-04 22:09:07,387 - INFO - Checking icons for Modern Teal Slate theme. Icons color: #333333
2024-04-04 22:09:07,891 - INFO - Checking icons for Midnight Teal Slate theme. Icons color: #F5F5F5
2024-04-04 22:09:08,363 - INFO - Checking icons for qt designer app.
2024-04-04 22:09:08,839 - INFO - Checking icons for Modern Teal Slate theme. Icons color: #333333
2024-04-04 22:09:09,246 - INFO - Checking icons for Midnight Teal Slate theme. Icons color: #F5F5F5
2024-04-04 22:09:09,586 - INFO - Checking icons for Modern Teal Slate theme. Icons color: #333333
2024-04-04 22:09:09,928 - INFO - Checking icons for Midnight Teal Slate theme. Icons color: #F5F5F5
2024-04-04 22:09:10,277 - INFO - Checking icons for Modern Teal Slate theme. Icons color: #333333
2024-04-04 22:09:10,632 - INFO - Checking icons for Midnight Teal Slate theme. Icons color: #F5F5F5
2024-04-04 22:09:10,999 - INFO - Checking icons for qt designer app.
2024-04-04 22:09:11,359 - INFO - all icons have been checked and missing icons generated!
2024-04-04 22:09:27,125 - INFO - Checking icons for Modern Teal Slate theme. Icons color: #333333
2024-04-04 22:09:27,629 - INFO - Checking icons for Midnight Teal Slate theme. Icons color: #F5F5F5
2024-04-04 22:09:28,089 - INFO - Checking icons for Modern Teal Slate theme. Icons color: #333333
2024-04-04 22:09:28,564 - INFO - Checking icons for Midnight Teal Slate theme. Icons color: #F5F5F5
2024-04-04 22:09:29,044 - INFO - Checking icons for qt designer app.
2024-04-04 22:09:29,525 - INFO - all icons have been checked and missing icons generated!
2024-04-04 22:09:34,071 - INFO - Checking icons for Modern Teal Slate theme. Icons color: #333333
2024-04-04 22:09:34,582 - INFO - Checking icons for Midnight Teal Slate theme. Icons color: #F5F5F5
2024-04-04 22:09:35,060 - INFO - Checking icons for Modern Teal Slate theme. Icons color: #333333
2024-04-04 22:09:35,550 - INFO - Checking icons for Midnight Teal Slate theme. Icons color: #F5F5F5
2024-04-04 22:09:36,046 - INFO - Checking icons for qt designer app.
2024-04-04 22:09:36,544 - INFO - all icons have been checked and missing icons generated!
2024-04-04 22:09:40,824 - INFO - ('Current icons color ', '#333333', 'New icons color', '#F5F5F5')
2024-04-04 22:09:40,824 - INFO - Generating icons for your theme, please wait. This may take long
2024-04-04 22:09:41,343 - INFO - ('DONE: Current icons color ', '#F5F5F5')
2024-04-04 22:10:43,687 - INFO - ('Current icons color ', '#F5F5F5', 'New icons color', '#333333')
2024-04-04 22:10:43,688 - INFO - Generating icons for your theme, please wait. This may take long
2024-04-04 22:10:44,102 - INFO - ('DONE: Current icons color ', '#333333')
2024-04-04 22:11:51,512 - INFO - Checking icons for Modern Teal Slate theme. Icons color: #333333
2024-04-04 22:11:52,068 - INFO - Checking icons for Midnight Teal Slate theme. Icons color: #F5F5F5
2024-04-04 22:11:52,582 - INFO - Checking icons for Modern Teal Slate theme. Icons color: #333333
2024-04-04 22:11:53,050 - INFO - Checking icons for Midnight Teal Slate theme. Icons color: #F5F5F5
2024-04-04 22:11:53,521 - INFO - Checking icons for qt designer app.
2024-04-04 22:11:53,998 - INFO - all icons have been checked and missing icons generated!
2024-04-04 22:12:14,171 - INFO - ('Current icons color ', '#333333', 'New icons color', '#F5F5F5')
2024-04-04 22:12:14,171 - INFO - Generating icons for your theme, please wait. This may take long
2024-04-04 22:12:14,713 - INFO - ('DONE: Current icons color ', '#F5F5F5')
2024-04-04 22:12:24,501 - INFO - ('Current icons color ', '#F5F5F5', 'New icons color', '#333333')
2024-04-04 22:12:24,501 - INFO - Generating icons for your theme, please wait. This may take long
2024-04-04 22:12:24,785 - INFO - ('DONE: Current icons color ', '#333333')
2024-04-04 22:13:58,262 - INFO - Checking icons for Modern Teal Slate theme. Icons color: #333333
2024-04-04 22:14:00,334 - INFO - Checking icons for Midnight Teal Slate theme. Icons color: #F5F5F5
2024-04-04 22:14:01,697 - INFO - Checking icons for Modern Teal Slate theme. Icons color: #333333
2024-04-04 22:14:02,054 - INFO - Checking icons for Midnight Teal Slate theme. Icons color: #F5F5F5
2024-04-04 22:14:02,337 - INFO - Checking icons for qt designer app.
2024-04-04 22:14:02,966 - INFO - Checking icons for Modern Teal Slate theme. Icons color: #333333
2024-04-04 22:14:03,365 - INFO - Checking icons for Midnight Teal Slate theme. Icons color: #F5F5F5
2024-04-04 22:14:03,762 - INFO - Checking icons for Modern Teal Slate theme. Icons color: #333333
2024-04-04 22:14:04,157 - INFO - Checking icons for Midnight Teal Slate theme. Icons color: #F5F5F5
2024-04-04 22:14:04,456 - INFO - Checking icons for Modern Teal Slate theme. Icons color: #333333
2024-04-04 22:14:04,749 - INFO - Checking icons for Midnight Teal Slate theme. Icons color: #F5F5F5
2024-04-04 22:14:05,130 - INFO - Checking icons for qt designer app.
2024-04-04 22:14:05,433 - INFO - all icons have been checked and missing icons generated!
2024-04-04 22:16:29,742 - INFO - Checking icons for Modern Teal Slate theme. Icons color: #333333
2024-04-04 22:16:30,476 - INFO - Checking icons for Midnight Teal Slate theme. Icons color: #F5F5F5
2024-04-04 22:16:31,034 - INFO - Checking icons for Modern Teal Slate theme. Icons color: #333333
2024-04-04 22:16:31,423 - INFO - Checking icons for Midnight Teal Slate theme. Icons color: #F5F5F5
2024-04-04 22:16:31,637 - INFO - Checking icons for qt designer app.
2024-04-04 22:16:32,034 - INFO - ('Current icons color ', '#333333', 'New icons color', '#F5F5F5')
2024-04-04 22:16:32,034 - INFO - Generating icons for your theme, please wait. This may take long
2024-04-04 22:16:32,484 - INFO - ('DONE: Current icons color ', '#F5F5F5')
2024-04-04 22:19:47,143 - INFO - Checking icons for Modern Teal Slate theme. Icons color: #333333
2024-04-04 22:19:49,007 - INFO - Checking icons for Midnight Teal Slate theme. Icons color: #F5F5F5
2024-04-04 22:19:50,456 - INFO - Checking icons for Modern Teal Slate theme. Icons color: #333333
2024-04-04 22:19:51,365 - INFO - Checking icons for Midnight Teal Slate theme. Icons color: #F5F5F5
2024-04-04 22:19:52,368 - INFO - Checking icons for qt designer app.
2024-04-04 22:19:54,176 - INFO - all icons have been checked and missing icons generated!
2024-04-04 22:19:54,954 - INFO - ('Current icons color ', '#F5F5F5', 'New icons color', '#333333')
2024-04-04 22:19:54,954 - INFO - Generating icons for your theme, please wait. This may take long
2024-04-04 22:19:55,846 - INFO - ('DONE: Current icons color ', '#333333')
2024-04-04 22:22:52,544 - INFO - Checking icons for Modern Teal Slate theme. Icons color: #333333
2024-04-04 22:22:53,883 - INFO - Checking icons for Midnight Teal Slate theme. Icons color: #F5F5F5
2024-04-04 22:22:54,716 - INFO - Checking icons for Modern Teal Slate theme. Icons color: #333333
2024-04-04 22:22:54,961 - INFO - Checking icons for Midnight Teal Slate theme. Icons color: #F5F5F5
2024-04-04 22:22:55,246 - INFO - Checking icons for qt designer app.
2024-04-04 22:22:56,096 - INFO - ('Current icons color ', '#333333', 'New icons color', '#F5F5F5')
2024-04-04 22:22:56,096 - INFO - Generating icons for your theme, please wait. This may take long
2024-04-04 22:22:57,119 - INFO - ('DONE: Current icons color ', '#F5F5F5')
2024-04-04 22:25:51,744 - INFO - Checking icons for Modern Teal Slate theme. Icons color: #333333
2024-04-04 22:25:52,667 - INFO - Checking icons for Midnight Teal Slate theme. Icons color: #F5F5F5
2024-04-04 22:25:53,481 - INFO - Checking icons for Modern Teal Slate theme. Icons color: #333333
2024-04-04 22:25:53,916 - INFO - Checking icons for Midnight Teal Slate theme. Icons color: #F5F5F5
2024-04-04 22:25:54,351 - INFO - Checking icons for qt designer app.
2024-04-04 22:25:55,134 - INFO - all icons have been checked and missing icons generated!
2024-04-04 22:25:59,219 - INFO - ('Current icons color ', '#F5F5F5', 'New icons color', '#333333')
2024-04-04 22:25:59,219 - INFO - Generating icons for your theme, please wait. This may take long
2024-04-04 22:25:59,569 - INFO - ('DONE: Current icons color ', '#333333')
2024-04-04 22:28:55,673 - INFO - Checking icons for Modern Teal Slate theme. Icons color: #333333
2024-04-04 22:28:56,654 - INFO - Checking icons for Midnight Teal Slate theme. Icons color: #F5F5F5
2024-04-04 22:28:57,419 - INFO - Checking icons for Modern Teal Slate theme. Icons color: #333333
2024-04-04 22:28:57,952 - INFO - Checking icons for Midnight Teal Slate theme. Icons color: #F5F5F5
2024-04-04 22:28:58,591 - INFO - Checking icons for qt designer app.
2024-04-04 22:28:59,065 - INFO - all icons have been checked and missing icons generated!
2024-04-04 22:29:01,877 - INFO - ('Current icons color ', '#333333', 'New icons color', '#F5F5F5')
2024-04-04 22:29:01,878 - INFO - Generating icons for your theme, please wait. This may take long
2024-04-04 22:29:02,177 - INFO - ('DONE: Current icons color ', '#F5F5F5')
2024-04-04 22:31:51,848 - INFO - Checking icons for Modern Teal Slate theme. Icons color: #333333
2024-04-04 22:32:04,665 - INFO - Checking icons for Midnight Teal Slate theme. Icons color: #F5F5F5
2024-04-04 22:32:07,836 - INFO - Checking icons for Modern Teal Slate theme. Icons color: #333333
2024-04-04 22:32:08,945 - INFO - Checking icons for Midnight Teal Slate theme. Icons color: #F5F5F5
2024-04-04 22:32:10,259 - INFO - Checking icons for qt designer app.
2024-04-04 22:32:14,406 - INFO - ('Current icons color ', '#F5F5F5', 'New icons color', '#333333')
2024-04-04 22:32:14,408 - INFO - Generating icons for your theme, please wait. This may take long
2024-04-04 22:32:17,516 - INFO - ('DONE: Current icons color ', '#333333')
2024-04-04 22:35:43,892 - INFO - Checking icons for Modern Teal Slate theme. Icons color: #333333
2024-04-04 22:35:49,059 - INFO - Checking icons for Midnight Teal Slate theme. Icons color: #F5F5F5
2024-04-04 22:35:56,095 - INFO - Checking icons for Modern Teal Slate theme. Icons color: #333333
2024-04-04 22:36:08,723 - INFO - Checking icons for Midnight Teal Slate theme. Icons color: #F5F5F5
2024-04-04 22:36:14,882 - INFO - Checking icons for qt designer app.
2024-04-04 22:36:27,680 - INFO - ('Current icons color ', '#333333', 'New icons color', '#F5F5F5')
2024-04-04 22:36:27,682 - INFO - Generating icons for your theme, please wait. This may take long
2024-04-04 22:36:28,025 - INFO - all icons have been checked and missing icons generated!
2024-04-04 22:36:31,155 - INFO - ('DONE: Current icons color ', '#F5F5F5')
2024-04-04 22:46:46,088 - INFO - Checking icons for Modern Teal Slate theme. Icons color: #333333
2024-04-04 22:46:49,648 - INFO - Checking icons for Midnight Teal Slate theme. Icons color: #F5F5F5
2024-04-04 22:46:50,940 - INFO - Checking icons for Modern Teal Slate theme. Icons color: #333333
2024-04-04 22:46:51,850 - INFO - Checking icons for Midnight Teal Slate theme. Icons color: #F5F5F5
2024-04-04 22:46:52,669 - INFO - Checking icons for qt designer app.
2024-04-04 22:46:55,154 - INFO - ('Current icons color ', '#F5F5F5', 'New icons color', '#333333')
2024-04-04 22:46:55,159 - INFO - Generating icons for your theme, please wait. This may take long
2024-04-04 22:46:57,411 - INFO - ('DONE: Current icons color ', '#333333')
2024-04-04 22:55:14,052 - INFO - Checking icons for Modern Teal Slate theme. Icons color: #333333
2024-04-04 22:55:20,114 - INFO - Checking icons for Midnight Teal Slate theme. Icons color: #F5F5F5
2024-04-04 22:55:22,564 - INFO - Checking icons for Modern Teal Slate theme. Icons color: #333333
2024-04-04 22:55:23,643 - INFO - Checking icons for Midnight Teal Slate theme. Icons color: #F5F5F5
2024-04-04 22:55:24,568 - INFO - Checking icons for qt designer app.
2024-04-04 22:55:28,050 - INFO - ('Current icons color ', '#333333', 'New icons color', '#F5F5F5')
2024-04-04 22:55:28,058 - INFO - Generating icons for your theme, please wait. This may take long
2024-04-04 22:55:31,615 - INFO - ('DONE: Current icons color ', '#F5F5F5')
2024-04-04 22:56:18,466 - INFO - Checking icons for Modern Teal Slate theme. Icons color: #333333
2024-04-04 22:56:21,315 - INFO - Checking icons for Midnight Teal Slate theme. Icons color: #F5F5F5
2024-04-04 22:56:22,979 - INFO - Checking icons for Modern Teal Slate theme. Icons color: #333333
2024-04-04 22:56:23,724 - INFO - Checking icons for Midnight Teal Slate theme. Icons color: #F5F5F5
2024-04-04 22:56:24,330 - INFO - Checking icons for qt designer app.
2024-04-04 22:56:25,640 - INFO - ('Current icons color ', '#F5F5F5', 'New icons color', '#333333')
2024-04-04 22:56:25,641 - INFO - Generating icons for your theme, please wait. This may take long
2024-04-04 22:56:26,750 - INFO - ('DONE: Current icons color ', '#333333')
2024-04-04 23:04:54,634 - INFO - Checking icons for Modern Teal Slate theme. Icons color: #333333
2024-04-04 23:04:56,003 - INFO - Checking icons for Midnight Teal Slate theme. Icons color: #F5F5F5
2024-04-04 23:04:56,878 - INFO - Checking icons for Modern Teal Slate theme. Icons color: #333333
2024-04-04 23:04:57,139 - INFO - Checking icons for Midnight Teal Slate theme. Icons color: #F5F5F5
2024-04-04 23:04:57,401 - INFO - Checking icons for qt designer app.
2024-04-04 23:04:58,002 - INFO - ('Current icons color ', '#333333', 'New icons color', '#F5F5F5')
2024-04-04 23:04:58,002 - INFO - Generating icons for your theme, please wait. This may take long
2024-04-04 23:04:58,803 - INFO - ('DONE: Current icons color ', '#F5F5F5')
2024-04-04 23:05:48,230 - INFO - Checking icons for Modern Teal Slate theme. Icons color: #333333
2024-04-04 23:05:49,090 - INFO - Checking icons for Midnight Teal Slate theme. Icons color: #F5F5F5
2024-04-04 23:05:49,779 - INFO - Checking icons for Modern Teal Slate theme. Icons color: #333333
2024-04-04 23:05:50,040 - INFO - Checking icons for Midnight Teal Slate theme. Icons color: #F5F5F5
2024-04-04 23:05:50,290 - INFO - Checking icons for qt designer app.
2024-04-04 23:05:50,823 - INFO - ('Current icons color ', '#F5F5F5', 'New icons color', '#333333')
2024-04-04 23:05:50,824 - INFO - Generating icons for your theme, please wait. This may take long
2024-04-04 23:05:51,627 - INFO - ('DONE: Current icons color ', '#333333')
2024-04-04 23:06:12,075 - INFO - Checking icons for Modern Teal Slate theme. Icons color: #333333
2024-04-04 23:06:12,821 - INFO - Checking icons for Midnight Teal Slate theme. Icons color: #F5F5F5
2024-04-04 23:06:13,450 - INFO - Checking icons for Modern Teal Slate theme. Icons color: #333333
2024-04-04 23:06:14,055 - INFO - Checking icons for Midnight Teal Slate theme. Icons color: #F5F5F5
2024-04-04 23:06:14,687 - INFO - Checking icons for qt designer app.
2024-04-04 23:06:15,288 - INFO - all icons have been checked and missing icons generated!
2024-04-04 23:07:26,957 - INFO - Checking icons for Modern Teal Slate theme. Icons color: #333333
2024-04-04 23:07:27,879 - INFO - Checking icons for Midnight Teal Slate theme. Icons color: #F5F5F5
2024-04-04 23:07:28,753 - INFO - Checking icons for Modern Teal Slate theme. Icons color: #333333
2024-04-04 23:07:36,320 - INFO - Checking icons for Modern Teal Slate theme. Icons color: #333333
2024-04-04 23:07:37,129 - INFO - Checking icons for Midnight Teal Slate theme. Icons color: #F5F5F5
2024-04-04 23:08:04,406 - INFO - Checking icons for Modern Teal Slate theme. Icons color: #333333
2024-04-04 23:08:05,023 - INFO - Checking icons for Midnight Teal Slate theme. Icons color: #F5F5F5
2024-04-04 23:08:05,553 - INFO - Checking icons for Modern Teal Slate theme. Icons color: #333333
2024-04-04 23:08:06,100 - INFO - Checking icons for Midnight Teal Slate theme. Icons color: #F5F5F5
2024-04-04 23:08:06,633 - INFO - Checking icons for qt designer app.
2024-04-04 23:08:07,209 - INFO - all icons have been checked and missing icons generated!
2024-04-04 23:08:11,966 - INFO - Checking icons for Modern Teal Slate theme. Icons color: #333333
2024-04-04 23:08:12,680 - INFO - Checking icons for Midnight Teal Slate theme. Icons color: #F5F5F5
2024-04-04 23:08:13,284 - INFO - Checking icons for Modern Teal Slate theme. Icons color: #333333
2024-04-04 23:08:13,590 - INFO - Checking icons for Midnight Teal Slate theme. Icons color: #F5F5F5
2024-04-04 23:08:13,844 - INFO - Checking icons for qt designer app.
2024-04-04 23:08:14,303 - INFO - ('Current icons color ', '#333333', 'New icons color', '#F5F5F5')
2024-04-04 23:08:14,304 - INFO - Generating icons for your theme, please wait. This may take long
2024-04-04 23:08:14,997 - INFO - ('DONE: Current icons color ', '#F5F5F5')
2024-04-04 23:08:22,729 - INFO - Checking icons for Modern Teal Slate theme. Icons color: #333333
2024-04-04 23:08:23,446 - INFO - Checking icons for Midnight Teal Slate theme. Icons color: #F5F5F5
2024-04-04 23:08:27,995 - INFO - Checking icons for Modern Teal Slate theme. Icons color: #333333
2024-04-04 23:08:28,600 - INFO - Checking icons for Midnight Teal Slate theme. Icons color: #F5F5F5
2024-04-04 23:08:29,185 - INFO - Checking icons for Modern Teal Slate theme. Icons color: #333333
2024-04-04 23:08:29,721 - INFO - Checking icons for Midnight Teal Slate theme. Icons color: #F5F5F5
2024-04-04 23:08:30,273 - INFO - Checking icons for qt designer app.
2024-04-04 23:08:30,806 - INFO - all icons have been checked and missing icons generated!
2024-04-04 23:08:38,999 - INFO - Checking icons for Modern Teal Slate theme. Icons color: #333333
2024-04-04 23:08:39,699 - INFO - Checking icons for Midnight Teal Slate theme. Icons color: #F5F5F5
2024-04-04 23:08:40,265 - INFO - Checking icons for Modern Teal Slate theme. Icons color: #333333
2024-04-04 23:08:40,550 - INFO - Checking icons for Midnight Teal Slate theme. Icons color: #F5F5F5
2024-04-04 23:08:40,785 - INFO - Checking icons for qt designer app.
2024-04-04 23:08:41,224 - INFO - ('Current icons color ', '#F5F5F5', 'New icons color', '#333333')
2024-04-04 23:08:41,224 - INFO - Generating icons for your theme, please wait. This may take long
2024-04-04 23:08:41,853 - INFO - ('DONE: Current icons color ', '#333333')
2024-04-04 23:09:23,614 - INFO - Checking icons for Modern Teal Slate theme. Icons color: #333333
2024-04-04 23:09:24,324 - INFO - Checking icons for Midnight Teal Slate theme. Icons color: #F5F5F5
2024-04-04 23:09:24,966 - INFO - Checking icons for Modern Teal Slate theme. Icons color: #333333
2024-04-04 23:09:25,566 - INFO - Checking icons for Midnight Teal Slate theme. Icons color: #F5F5F5
2024-04-04 23:09:25,868 - INFO - Checking icons for qt designer app.
2024-04-04 23:09:26,362 - INFO - ('Current icons color ', '#333333', 'New icons color', '#F5F5F5')
2024-04-04 23:09:26,362 - INFO - Generating icons for your theme, please wait. This may take long
2024-04-04 23:09:27,417 - INFO - ('DONE: Current icons color ', '#F5F5F5')
2024-04-04 23:09:40,143 - INFO - Checking icons for Modern Teal Slate theme. Icons color: #333333
2024-04-04 23:09:40,758 - INFO - Checking icons for Midnight Teal Slate theme. Icons color: #F5F5F5
2024-04-04 23:09:41,277 - INFO - Checking icons for Modern Teal Slate theme. Icons color: #333333
2024-04-04 23:09:41,511 - INFO - Checking icons for Midnight Teal Slate theme. Icons color: #F5F5F5
2024-04-04 23:09:41,741 - INFO - Checking icons for qt designer app.
2024-04-04 23:09:42,175 - INFO - ('Current icons color ', '#F5F5F5', 'New icons color', '#333333')
2024-04-04 23:09:42,175 - INFO - Generating icons for your theme, please wait. This may take long
2024-04-04 23:09:42,860 - INFO - ('DONE: Current icons color ', '#333333')
2024-04-04 23:09:59,432 - INFO - Checking icons for Modern Teal Slate theme. Icons color: #333333
2024-04-04 23:10:48,141 - INFO - Checking icons for Modern Teal Slate theme. Icons color: #333333
2024-04-04 23:10:51,312 - INFO - Checking icons for Midnight Teal Slate theme. Icons color: #F5F5F5
2024-04-04 23:10:53,849 - INFO - Checking icons for Modern Teal Slate theme. Icons color: #333333
2024-04-04 23:10:57,901 - INFO - Checking icons for Midnight Teal Slate theme. Icons color: #F5F5F5
2024-04-04 23:11:02,740 - INFO - Checking icons for qt designer app.
2024-04-04 23:11:10,915 - INFO - all icons have been checked and missing icons generated!
2024-04-04 23:11:18,163 - INFO - ('Current icons color ', '#333333', 'New icons color', '#F5F5F5')
2024-04-04 23:11:18,165 - INFO - Generating icons for your theme, please wait. This may take long
2024-04-04 23:11:21,301 - INFO - ('DONE: Current icons color ', '#F5F5F5')
2024-04-04 23:11:44,007 - INFO - Checking icons for Modern Teal Slate theme. Icons color: #333333
2024-04-04 23:11:48,094 - INFO - Checking icons for Midnight Teal Slate theme. Icons color: #F5F5F5
2024-04-04 23:11:50,876 - INFO - Checking icons for Modern Teal Slate theme. Icons color: #333333
2024-04-04 23:11:53,183 - INFO - Checking icons for Midnight Teal Slate theme. Icons color: #F5F5F5
2024-04-04 23:11:55,125 - INFO - Checking icons for qt designer app.
2024-04-04 23:11:57,572 - INFO - all icons have been checked and missing icons generated!
2024-04-04 23:11:59,322 - INFO - ('Current icons color ', '#F5F5F5', 'New icons color', '#333333')
2024-04-04 23:11:59,323 - INFO - Generating icons for your theme, please wait. This may take long
2024-04-04 23:12:00,722 - INFO - ('DONE: Current icons color ', '#333333')
2024-04-04 23:19:26,049 - INFO - Checking icons for Modern Teal Slate theme. Icons color: #333333
2024-04-04 23:19:30,717 - INFO - Checking icons for Midnight Teal Slate theme. Icons color: #F5F5F5
2024-04-04 23:19:32,652 - INFO - Checking icons for Modern Teal Slate theme. Icons color: #333333
2024-04-04 23:19:33,915 - INFO - Checking icons for Midnight Teal Slate theme. Icons color: #F5F5F5
2024-04-04 23:19:34,881 - INFO - Checking icons for qt designer app.
2024-04-04 23:19:38,878 - INFO - ('Current icons color ', '#333333', 'New icons color', '#F5F5F5')
2024-04-04 23:19:38,880 - INFO - Generating icons for your theme, please wait. This may take long
2024-04-04 23:19:41,562 - INFO - ('DONE: Current icons color ', '#F5F5F5')
2024-04-04 23:25:01,712 - INFO - Checking icons for Modern Teal Slate theme. Icons color: #333333
2024-04-04 23:25:08,954 - INFO - Checking icons for Midnight Teal Slate theme. Icons color: #F5F5F5
2024-04-04 23:25:17,299 - INFO - Checking icons for Modern Teal Slate theme. Icons color: #333333
2024-04-04 23:25:19,091 - INFO - Checking icons for Midnight Teal Slate theme. Icons color: #F5F5F5
2024-04-04 23:25:20,400 - INFO - Checking icons for qt designer app.
2024-04-04 23:25:23,103 - INFO - ('Current icons color ', '#F5F5F5', 'New icons color', '#333333')
2024-04-04 23:25:23,104 - INFO - Generating icons for your theme, please wait. This may take long
2024-04-04 23:25:24,949 - INFO - ('DONE: Current icons color ', '#333333')
2024-04-04 23:26:37,677 - INFO - Checking icons for Modern Teal Slate theme. Icons color: #333333
2024-04-04 23:26:40,103 - INFO - Checking icons for Midnight Teal Slate theme. Icons color: #F5F5F5
2024-04-04 23:26:40,965 - INFO - Checking icons for Modern Teal Slate theme. Icons color: #333333
2024-04-04 23:26:41,780 - INFO - Checking icons for Midnight Teal Slate theme. Icons color: #F5F5F5
2024-04-04 23:26:42,532 - INFO - Checking icons for qt designer app.
2024-04-04 23:26:45,235 - INFO - ('Current icons color ', '#333333', 'New icons color', '#F5F5F5')
2024-04-04 23:26:45,236 - INFO - Generating icons for your theme, please wait. This may take long
2024-04-04 23:26:47,360 - INFO - ('DONE: Current icons color ', '#F5F5F5')
2024-04-04 23:27:24,384 - INFO - Checking icons for Modern Teal Slate theme. Icons color: #333333
2024-04-04 23:27:27,744 - INFO - Checking icons for Midnight Teal Slate theme. Icons color: #F5F5F5
2024-04-04 23:27:58,675 - INFO - Checking icons for Modern Teal Slate theme. Icons color: #333333
2024-04-04 23:28:01,823 - INFO - Checking icons for Midnight Teal Slate theme. Icons color: #F5F5F5
2024-04-04 23:28:04,131 - INFO - Checking icons for Modern Teal Slate theme. Icons color: #333333
2024-04-04 23:28:05,842 - INFO - Checking icons for Midnight Teal Slate theme. Icons color: #F5F5F5
2024-04-04 23:28:07,233 - INFO - Checking icons for qt designer app.
2024-04-04 23:28:12,779 - INFO - ('Current icons color ', '#F5F5F5', 'New icons color', '#333333')
2024-04-04 23:28:12,785 - INFO - Generating icons for your theme, please wait. This may take long
2024-04-04 23:28:17,174 - INFO - ('DONE: Current icons color ', '#333333')
2024-04-04 23:31:53,456 - INFO - Checking icons for Modern Teal Slate theme. Icons color: #333333
2024-04-04 23:31:56,566 - INFO - Checking icons for Midnight Teal Slate theme. Icons color: #F5F5F5
2024-04-04 23:31:57,703 - INFO - Checking icons for Modern Teal Slate theme. Icons color: #333333
2024-04-04 23:31:58,645 - INFO - Checking icons for Midnight Teal Slate theme. Icons color: #F5F5F5
2024-04-04 23:31:59,553 - INFO - Checking icons for qt designer app.
2024-04-04 23:32:01,706 - INFO - ('Current icons color ', '#333333', 'New icons color', '#F5F5F5')
2024-04-04 23:32:01,707 - INFO - Generating icons for your theme, please wait. This may take long
2024-04-04 23:32:03,695 - INFO - ('DONE: Current icons color ', '#F5F5F5')
2024-04-04 23:32:32,480 - INFO - Checking icons for Modern Teal Slate theme. Icons color: #333333
2024-04-04 23:33:13,188 - INFO - Checking icons for Modern Teal Slate theme. Icons color: #333333
2024-04-04 23:33:15,059 - INFO - Checking icons for Midnight Teal Slate theme. Icons color: #F5F5F5
2024-04-04 23:33:15,953 - INFO - Checking icons for Modern Teal Slate theme. Icons color: #333333
2024-04-04 23:33:16,765 - INFO - Checking icons for Midnight Teal Slate theme. Icons color: #F5F5F5
2024-04-04 23:33:17,493 - INFO - Checking icons for qt designer app.
2024-04-04 23:33:19,958 - INFO - ('Current icons color ', '#F5F5F5', 'New icons color', '#333333')
2024-04-04 23:33:19,959 - INFO - Generating icons for your theme, please wait. This may take long
2024-04-04 23:33:22,297 - INFO - ('DONE: Current icons color ', '#333333')
2024-04-04 23:47:16,546 - INFO - Checking icons for Modern Teal Slate theme. Icons color: #333333
2024-04-04 23:47:17,828 - INFO - Checking icons for Midnight Teal Slate theme. Icons color: #F5F5F5
2024-04-04 23:47:18,873 - INFO - Checking icons for Modern Teal Slate theme. Icons color: #333333
2024-04-04 23:47:19,440 - INFO - Checking icons for Midnight Teal Slate theme. Icons color: #F5F5F5
2024-04-04 23:47:20,030 - INFO - Checking icons for qt designer app.
2024-04-04 23:47:21,060 - INFO - all icons have been checked and missing icons generated!
2024-04-04 23:48:59,266 - INFO - ('Current icons color ', '#333333', 'New icons color', '#F5F5F5')
2024-04-04 23:48:59,267 - INFO - Generating icons for your theme, please wait. This may take long
2024-04-04 23:49:00,074 - INFO - ('DONE: Current icons color ', '#F5F5F5')
2024-04-05 00:01:01,355 - INFO - Checking icons for Modern Teal Slate theme. Icons color: #333333
2024-04-05 00:01:03,045 - INFO - Checking icons for Midnight Teal Slate theme. Icons color: #F5F5F5
2024-04-05 00:01:04,738 - INFO - Checking icons for Modern Teal Slate theme. Icons color: #333333
2024-04-05 00:01:05,396 - INFO - Checking icons for Midnight Teal Slate theme. Icons color: #F5F5F5
2024-04-05 00:01:06,305 - INFO - Checking icons for qt designer app.
2024-04-05 00:01:07,826 - INFO - all icons have been checked and missing icons generated!
2024-04-05 00:01:13,616 - INFO - ('Current icons color ', '#F5F5F5', 'New icons color', '#333333')
2024-04-05 00:01:13,617 - INFO - Generating icons for your theme, please wait. This may take long
2024-04-05 00:01:14,386 - INFO - ('DONE: Current icons color ', '#333333')
2024-04-05 00:07:33,048 - INFO - Checking icons for Modern Teal Slate theme. Icons color: #333333
2024-04-05 00:07:36,820 - INFO - Checking icons for Midnight Teal Slate theme. Icons color: #F5F5F5
2024-04-05 00:07:38,663 - INFO - Checking icons for Modern Teal Slate theme. Icons color: #333333
2024-04-05 00:07:40,316 - INFO - Checking icons for Midnight Teal Slate theme. Icons color: #F5F5F5
2024-04-05 00:07:41,341 - INFO - Checking icons for qt designer app.
2024-04-05 00:07:42,736 - INFO - all icons have been checked and missing icons generated!
2024-04-05 00:08:11,721 - INFO - ('Current icons color ', '#333333', 'New icons color', '#F5F5F5')
2024-04-05 00:08:11,721 - INFO - Generating icons for your theme, please wait. This may take long
2024-04-05 00:08:12,539 - INFO - ('DONE: Current icons color ', '#F5F5F5')
2024-04-05 17:35:32,406 - INFO - Checking icons for Modern Teal Slate theme. Icons color: #333333
2024-04-05 17:35:33,653 - INFO - Checking icons for Midnight Teal Slate theme. Icons color: #F5F5F5
2024-04-13 02:17:51,654 - INFO - Checking icons for Modern Teal Slate theme. Icons color: #333333
2024-04-13 02:17:52,832 - INFO - Checking icons for Midnight Teal Slate theme. Icons color: #F5F5F5
2024-04-13 02:17:53,741 - INFO - Checking icons for Modern Teal Slate theme. Icons color: #333333
2024-04-13 02:17:54,158 - INFO - Checking icons for Midnight Teal Slate theme. Icons color: #F5F5F5
2024-04-13 02:17:54,534 - INFO - Checking icons for qt designer app.
2024-04-13 02:17:55,355 - INFO - all icons have been checked and missing icons generated!
2024-04-13 02:18:01,166 - INFO - ('Current icons color ', '#F5F5F5', 'New icons color', '#333333')
2024-04-13 02:18:01,167 - INFO - Generating icons for your theme, please wait. This may take long
2024-04-13 02:18:01,555 - INFO - ('DONE: Current icons color ', '#333333')
2024-04-13 02:19:14,853 - INFO - Checking icons for Modern Teal Slate theme. Icons color: #333333
2024-04-13 02:19:15,344 - INFO - Checking icons for Midnight Teal Slate theme. Icons color: #005555
2024-04-13 02:19:57,851 - INFO - ('Current icons color ', '#333333', 'New icons color', '#005555')
2024-04-13 02:19:57,852 - INFO - Generating icons for your theme, please wait. This may take long
2024-04-13 02:21:41,108 - INFO - ('Current icons color ', '#005555', 'New icons color', '#333333')
2024-04-13 02:21:41,109 - INFO - Generating icons for your theme, please wait. This may take long
2024-04-13 02:21:41,613 - INFO - ('DONE: Current icons color ', '#333333')
2024-04-13 02:21:44,636 - INFO - ('Current icons color ', '#333333', 'New icons color', '#F5F5F5')
2024-04-13 02:21:44,637 - INFO - Generating icons for your theme, please wait. This may take long
2024-04-13 02:21:44,921 - INFO - ('DONE: Current icons color ', '#F5F5F5')
2024-04-13 02:23:59,095 - INFO - Checking icons for Modern Teal Slate theme. Icons color: #333333
2024-04-13 02:23:59,645 - INFO - Checking icons for Midnight Teal Slate theme. Icons color: #F5F5F5
2024-04-13 02:24:47,699 - INFO - Checking icons for Modern Teal Slate theme. Icons color: #333333
2024-04-13 02:24:47,977 - INFO - Checking icons for Midnight Teal Slate theme. Icons color: #F5F5F5
2024-04-13 02:24:48,275 - INFO - Checking icons for qt designer app.
2024-04-13 02:24:48,827 - INFO - ('Current icons color ', '#F5F5F5', 'New icons color', '#333333')
2024-04-13 02:24:48,827 - INFO - Generating icons for your theme, please wait. This may take long
2024-04-13 02:24:49,305 - INFO - ('DONE: Current icons color ', '#333333')
2024-04-15 06:03:16,633 - INFO - Checking icons for Modern Teal Slate theme. Icons color: #333333
2024-04-15 06:03:23,615 - INFO - Checking icons for Modern Teal Slate theme. Icons color: #333333
2024-04-15 06:03:23,858 - INFO - Checking icons for Midnight Teal Slate theme. Icons color: #F5F5F5
2024-04-15 06:03:24,694 - INFO - Checking icons for Modern Teal Slate theme. Icons color: #333333
2024-04-15 06:03:24,929 - INFO - Checking icons for Midnight Teal Slate theme. Icons color: #F5F5F5
2024-04-15 06:03:25,177 - INFO - Checking icons for qt designer app.
2024-04-15 06:03:52,911 - INFO - Checking icons for Modern Teal Slate theme. Icons color: #333333
2024-04-15 06:03:57,336 - INFO - Checking icons for Modern Teal Slate theme. Icons color: #333333
2024-04-15 06:03:57,607 - INFO - Checking icons for Modern Teal Slate theme. Icons color: #333333
2024-04-15 06:03:57,832 - INFO - Checking icons for qt designer app.
2024-04-15 06:04:13,053 - INFO - Checking icons for Modern Teal Slate theme. Icons color: #333333
2024-04-15 06:04:39,408 - INFO - Checking icons for Modern Teal Slate theme. Icons color: #333333
2024-04-15 06:04:39,841 - INFO - Checking icons for Modern Teal Slate theme. Icons color: #333333
2024-04-15 06:04:40,242 - INFO - Checking icons for qt designer app.
2024-04-15 06:04:40,640 - INFO - all icons have been checked and missing icons generated!
2024-04-15 15:55:49,929 - INFO - Checking icons for Modern Teal Slate theme. Icons color: #333333
2024-04-15 15:55:51,670 - INFO - Checking icons for Modern Teal Slate theme. Icons color: #333333
2024-04-15 15:55:52,549 - INFO - Checking icons for qt designer app.
2024-04-15 15:55:54,287 - INFO - all icons have been checked and missing icons generated!
2024-04-16 12:03:43,254 - INFO - Checking icons for Modern Teal Slate theme. Icons color: #333333
2024-04-16 12:03:44,654 - INFO - Checking icons for Modern Teal Slate theme. Icons color: #333333
2024-04-16 12:03:45,452 - INFO - Checking icons for qt designer app.
2024-04-16 12:03:47,384 - INFO - all icons have been checked and missing icons generated!
2024-04-26 22:11:29,842 - INFO - Checking icons for Modern Teal Slate theme. Icons color: #333333
2024-04-26 22:11:31,907 - INFO - Checking icons for Modern Teal Slate theme. Icons color: #333333
2024-04-26 22:11:34,169 - INFO - Checking icons for qt designer app.
2024-04-26 22:11:38,092 - INFO - all icons have been checked and missing icons generated!
2024-04-26 22:12:51,058 - INFO - Checking icons for Modern Teal Slate theme. Icons color: #333333
2024-04-26 22:12:55,981 - INFO - Checking icons for Modern Teal Slate theme. Icons color: #333333
2024-04-26 22:13:01,407 - INFO - Checking icons for qt designer app.
2024-04-26 22:13:05,662 - INFO - Checking icons for Modern Teal Slate theme. Icons color: #333333
2024-04-26 22:13:13,648 - INFO - all icons have been checked and missing icons generated!
2024-04-26 22:13:13,659 - INFO - Checking icons for Modern Teal Slate theme. Icons color: #333333
2024-04-26 22:13:26,302 - INFO - Checking icons for qt designer app.
2024-04-26 22:13:32,230 - INFO - all icons have been checked and missing icons generated!
